<?xml version="1.0" encoding="UTF-8"?>
<coverage generated="1771919733026" clover="3.2.0">
  <project timestamp="1771919733026" name="All files">
    <metrics statements="375" coveredstatements="327" conditionals="219" coveredconditionals="169" methods="84" coveredmethods="74" elements="678" coveredelements="570" complexity="0" loc="375" ncloc="375" packages="1" files="3" classes="3"/>
    <file name="embeddings.ts" path="C:\Users\prust\OneDrive\Desktop\mcp-memory-server\src\embeddings.ts">
      <metrics statements="75" coveredstatements="73" conditionals="37" coveredconditionals="35" methods="18" coveredmethods="17"/>
      <line num="14" count="1" type="stmt"/>
      <line num="15" count="0" type="stmt"/>
      <line num="30" count="11" type="stmt"/>
      <line num="31" count="11" type="stmt"/>
      <line num="35" count="11" type="stmt"/>
      <line num="39" count="10" type="stmt"/>
      <line num="43" count="7" type="stmt"/>
      <line num="44" count="7" type="cond" truecount="4" falsecount="0"/>
      <line num="45" count="3" type="stmt"/>
      <line num="46" count="3" type="stmt"/>
      <line num="48" count="4" type="stmt"/>
      <line num="52" count="2" type="stmt"/>
      <line num="53" count="2" type="stmt"/>
      <line num="54" count="4" type="stmt"/>
      <line num="56" count="1" type="stmt"/>
      <line num="64" count="14" type="stmt"/>
      <line num="70" count="14" type="stmt"/>
      <line num="71" count="14" type="cond" truecount="2" falsecount="0"/>
      <line num="72" count="14" type="cond" truecount="2" falsecount="0"/>
      <line num="73" count="14" type="stmt"/>
      <line num="76" count="14" type="cond" truecount="2" falsecount="0"/>
      <line num="80" count="6" type="stmt"/>
      <line num="89" count="6" type="cond" truecount="2" falsecount="0"/>
      <line num="90" count="1" type="stmt"/>
      <line num="91" count="1" type="stmt"/>
      <line num="94" count="5" type="stmt"/>
      <line num="95" count="5" type="stmt"/>
      <line num="99" count="2" type="stmt"/>
      <line num="108" count="2" type="cond" truecount="2" falsecount="0"/>
      <line num="109" count="1" type="stmt"/>
      <line num="110" count="1" type="stmt"/>
      <line num="113" count="1" type="stmt"/>
      <line num="114" count="1" type="stmt"/>
      <line num="115" count="4" type="stmt"/>
      <line num="116" count="3" type="stmt"/>
      <line num="123" count="7" type="stmt"/>
      <line num="124" count="7" type="stmt"/>
      <line num="129" count="7" type="stmt"/>
      <line num="130" count="7" type="cond" truecount="2" falsecount="0"/>
      <line num="131" count="7" type="stmt"/>
      <line num="135" count="2" type="stmt"/>
      <line num="136" count="1" type="stmt"/>
      <line num="140" count="3" type="stmt"/>
      <line num="154" count="3" type="cond" truecount="2" falsecount="0"/>
      <line num="155" count="1" type="stmt"/>
      <line num="156" count="1" type="stmt"/>
      <line num="159" count="2" type="stmt"/>
      <line num="160" count="2" type="stmt"/>
      <line num="170" count="32" type="stmt"/>
      <line num="171" count="32" type="stmt"/>
      <line num="175" count="11" type="stmt"/>
      <line num="179" count="4" type="stmt"/>
      <line num="183" count="14" type="stmt"/>
      <line num="184" count="14" type="stmt"/>
      <line num="186" count="4" type="stmt"/>
      <line num="187" count="4" type="stmt"/>
      <line num="192" count="5" type="stmt"/>
      <line num="193" count="5" type="stmt"/>
      <line num="195" count="2" type="stmt"/>
      <line num="196" count="2" type="stmt"/>
      <line num="220" count="35" type="stmt"/>
      <line num="223" count="35" type="cond" truecount="2" falsecount="2"/>
      <line num="224" count="0" type="stmt"/>
      <line num="226" count="35" type="cond" truecount="5" falsecount="0"/>
      <line num="227" count="4" type="stmt"/>
      <line num="229" count="31" type="cond" truecount="4" falsecount="0"/>
      <line num="230" count="1" type="stmt"/>
      <line num="234" count="30" type="cond" truecount="2" falsecount="0"/>
      <line num="235" count="11" type="stmt"/>
      <line num="237" count="19" type="cond" truecount="2" falsecount="0"/>
      <line num="238" count="10" type="stmt"/>
      <line num="240" count="9" type="cond" truecount="2" falsecount="0"/>
      <line num="241" count="6" type="stmt"/>
      <line num="244" count="3" type="stmt"/>
      <line num="245" count="3" type="stmt"/>
    </file>
    <file name="logger.ts" path="C:\Users\prust\OneDrive\Desktop\mcp-memory-server\src\logger.ts">
      <metrics statements="14" coveredstatements="14" conditionals="14" coveredconditionals="11" methods="7" coveredmethods="7"/>
      <line num="8" count="5" type="stmt"/>
      <line num="11" count="5" type="stmt"/>
      <line num="12" count="5" type="cond" truecount="2" falsecount="0"/>
      <line num="13" count="5" type="cond" truecount="1" falsecount="1"/>
      <line num="17" count="88" type="stmt"/>
      <line num="21" count="78" type="stmt"/>
      <line num="22" count="78" type="stmt"/>
      <line num="23" count="78" type="stmt"/>
      <line num="24" count="78" type="cond" truecount="2" falsecount="0"/>
      <line num="27" count="5" type="stmt"/>
      <line num="29" count="10" type="cond" truecount="2" falsecount="0"/>
      <line num="32" count="76" type="cond" truecount="2" falsecount="0"/>
      <line num="35" count="1" type="cond" truecount="1" falsecount="1"/>
      <line num="38" count="1" type="cond" truecount="1" falsecount="1"/>
    </file>
    <file name="store.ts" path="C:\Users\prust\OneDrive\Desktop\mcp-memory-server\src\store.ts">
      <metrics statements="286" coveredstatements="240" conditionals="168" coveredconditionals="123" methods="59" coveredmethods="50"/>
      <line num="26" count="2" type="stmt"/>
      <line num="27" count="2" type="stmt"/>
      <line num="28" count="2" type="stmt"/>
      <line num="36" count="50" type="stmt"/>
      <line num="37" count="50" type="stmt"/>
      <line num="38" count="50" type="stmt"/>
      <line num="40" count="4" type="stmt"/>
      <line num="41" count="4" type="stmt"/>
      <line num="43" count="4" type="cond" truecount="3" falsecount="2"/>
      <line num="44" count="0" type="stmt"/>
      <line num="45" count="0" type="stmt"/>
      <line num="49" count="0" type="stmt"/>
      <line num="51" count="4" type="stmt"/>
      <line num="56" count="4" type="stmt"/>
      <line num="63" count="310" type="stmt"/>
      <line num="64" count="310" type="stmt"/>
      <line num="80" count="306" type="cond" truecount="2" falsecount="0"/>
      <line num="81" count="3" type="stmt"/>
      <line num="88" count="11" type="stmt"/>
      <line num="89" count="11" type="stmt"/>
      <line num="92" count="11" type="cond" truecount="2" falsecount="0"/>
      <line num="95" count="8" type="stmt"/>
      <line num="96" count="8" type="cond" truecount="1" falsecount="1"/>
      <line num="99" count="8" type="stmt"/>
      <line num="100" count="8" type="stmt"/>
      <line num="101" count="3" type="stmt"/>
      <line num="103" count="8" type="stmt"/>
      <line num="104" count="8" type="stmt"/>
      <line num="106" count="8" type="stmt"/>
      <line num="108" count="19" type="cond" truecount="2" falsecount="0"/>
      <line num="109" count="4" type="stmt"/>
      <line num="110" count="4" type="stmt"/>
      <line num="113" count="15" type="stmt"/>
      <line num="114" count="15" type="stmt"/>
      <line num="115" count="40" type="cond" truecount="1" falsecount="1"/>
      <line num="116" count="0" type="stmt"/>
      <line num="117" count="40" type="cond" truecount="1" falsecount="1"/>
      <line num="118" count="0" type="stmt"/>
      <line num="121" count="15" type="stmt"/>
      <line num="125" count="8" type="stmt"/>
      <line num="126" count="8" type="stmt"/>
      <line num="128" count="8" type="stmt"/>
      <line num="138" count="61" type="stmt"/>
      <line num="139" count="61" type="stmt"/>
      <line num="140" count="61" type="stmt"/>
      <line num="141" count="61" type="stmt"/>
      <line num="142" count="61" type="stmt"/>
      <line num="147" count="0" type="stmt"/>
      <line num="154" count="5" type="stmt"/>
      <line num="155" count="5" type="stmt"/>
      <line num="157" count="7" type="cond" truecount="2" falsecount="0"/>
      <line num="166" count="5" type="cond" truecount="4" falsecount="0"/>
      <line num="167" count="1" type="stmt"/>
      <line num="168" count="1" type="stmt"/>
      <line num="172" count="5" type="cond" truecount="1" falsecount="1"/>
      <line num="173" count="0" type="stmt"/>
      <line num="174" count="0" type="stmt"/>
      <line num="175" count="0" type="cond" truecount="0" falsecount="2"/>
      <line num="176" count="0" type="stmt"/>
      <line num="179" count="0" type="stmt"/>
      <line num="183" count="5" type="stmt"/>
      <line num="184" count="5" type="stmt"/>
      <line num="185" count="5" type="stmt"/>
      <line num="191" count="8" type="stmt"/>
      <line num="192" count="8" type="stmt"/>
      <line num="193" count="8" type="cond" truecount="2" falsecount="0"/>
      <line num="194" count="7" type="stmt"/>
      <line num="195" count="7" type="cond" truecount="2" falsecount="0"/>
      <line num="196" count="6" type="stmt"/>
      <line num="202" count="3" type="cond" truecount="2" falsecount="0"/>
      <line num="203" count="3" type="cond" truecount="2" falsecount="0"/>
      <line num="205" count="3" type="stmt"/>
      <line num="207" count="3" type="stmt"/>
      <line num="211" count="3" type="stmt"/>
      <line num="213" count="280" type="stmt"/>
      <line num="216" count="3" type="stmt"/>
      <line num="217" count="277" type="cond" truecount="2" falsecount="2"/>
      <line num="218" count="277" type="cond" truecount="3" falsecount="1"/>
      <line num="219" count="277" type="stmt"/>
      <line num="222" count="3" type="stmt"/>
      <line num="228" count="2" type="stmt"/>
      <line num="229" count="2" type="stmt"/>
      <line num="230" count="2" type="stmt"/>
      <line num="232" count="2" type="stmt"/>
      <line num="234" count="4" type="stmt"/>
      <line num="235" count="4" type="stmt"/>
      <line num="241" count="10" type="stmt"/>
      <line num="242" count="10" type="stmt"/>
      <line num="244" count="10" type="stmt"/>
      <line num="245" count="10" type="stmt"/>
      <line num="246" count="12" type="stmt"/>
      <line num="247" count="12" type="cond" truecount="2" falsecount="0"/>
      <line num="249" count="11" type="stmt"/>
      <line num="250" count="11" type="cond" truecount="2" falsecount="0"/>
      <line num="251" count="6" type="stmt"/>
      <line num="256" count="10" type="stmt"/>
      <line num="257" count="10" type="stmt"/>
      <line num="258" count="6" type="cond" truecount="2" falsecount="0"/>
      <line num="259" count="1" type="stmt"/>
      <line num="260" count="1" type="stmt"/>
      <line num="264" count="10" type="stmt"/>
      <line num="270" count="2" type="cond" truecount="2" falsecount="0"/>
      <line num="273" count="2" type="stmt"/>
      <line num="275" count="1" type="stmt"/>
      <line num="276" count="1" type="stmt"/>
      <line num="280" count="1" type="stmt"/>
      <line num="286" count="0" type="stmt"/>
      <line num="287" count="0" type="stmt"/>
      <line num="295" count="0" type="stmt"/>
      <line num="297" count="0" type="stmt"/>
      <line num="299" count="0" type="stmt"/>
      <line num="300" count="0" type="cond" truecount="0" falsecount="2"/>
      <line num="302" count="0" type="cond" truecount="0" falsecount="2"/>
      <line num="303" count="0" type="stmt"/>
      <line num="304" count="0" type="stmt"/>
      <line num="306" count="0" type="cond" truecount="0" falsecount="2"/>
      <line num="312" count="3" type="stmt"/>
      <line num="313" count="3" type="stmt"/>
      <line num="314" count="3" type="stmt"/>
      <line num="316" count="3" type="cond" truecount="2" falsecount="0"/>
      <line num="317" count="1" type="stmt"/>
      <line num="320" count="2" type="stmt"/>
      <line num="324" count="2" type="cond" truecount="2" falsecount="0"/>
      <line num="325" count="3" type="cond" truecount="1" falsecount="1"/>
      <line num="326" count="2" type="cond" truecount="2" falsecount="0"/>
      <line num="329" count="2" type="cond" truecount="3" falsecount="1"/>
      <line num="330" count="0" type="stmt"/>
      <line num="331" count="0" type="stmt"/>
      <line num="332" count="0" type="cond" truecount="0" falsecount="2"/>
      <line num="333" count="0" type="stmt"/>
      <line num="336" count="0" type="stmt"/>
      <line num="340" count="2" type="stmt"/>
      <line num="343" count="2" type="stmt"/>
      <line num="344" count="2" type="stmt"/>
      <line num="350" count="2" type="stmt"/>
      <line num="351" count="2" type="stmt"/>
      <line num="352" count="2" type="stmt"/>
      <line num="354" count="2" type="cond" truecount="2" falsecount="0"/>
      <line num="356" count="1" type="stmt"/>
      <line num="357" count="1" type="stmt"/>
      <line num="358" count="1" type="stmt"/>
      <line num="366" count="1" type="stmt"/>
      <line num="367" count="1" type="stmt"/>
      <line num="368" count="1" type="stmt"/>
      <line num="370" count="1" type="cond" truecount="1" falsecount="1"/>
      <line num="372" count="1" type="stmt"/>
      <line num="373" count="1" type="stmt"/>
      <line num="378" count="1" type="stmt"/>
      <line num="379" count="1" type="stmt"/>
      <line num="387" count="4" type="stmt"/>
      <line num="388" count="4" type="stmt"/>
      <line num="389" count="4" type="stmt"/>
      <line num="390" count="4" type="stmt"/>
      <line num="393" count="4" type="stmt"/>
      <line num="394" count="4" type="cond" truecount="1" falsecount="1"/>
      <line num="395" count="0" type="stmt"/>
      <line num="396" count="0" type="stmt"/>
      <line num="398" count="0" type="stmt"/>
      <line num="402" count="4" type="stmt"/>
      <line num="403" count="22" type="stmt"/>
      <line num="404" count="22" type="stmt"/>
      <line num="405" count="22" type="stmt"/>
      <line num="406" count="22" type="stmt"/>
      <line num="416" count="22" type="cond" truecount="4" falsecount="0"/>
      <line num="417" count="1" type="stmt"/>
      <line num="418" count="1" type="stmt"/>
      <line num="421" count="22" type="cond" truecount="2" falsecount="2"/>
      <line num="422" count="0" type="stmt"/>
      <line num="425" count="22" type="stmt"/>
      <line num="426" count="22" type="stmt"/>
      <line num="428" count="0" type="stmt"/>
      <line num="432" count="4" type="stmt"/>
      <line num="433" count="4" type="stmt"/>
      <line num="435" count="4" type="stmt"/>
      <line num="445" count="4" type="stmt"/>
      <line num="446" count="4" type="stmt"/>
      <line num="447" count="4" type="stmt"/>
      <line num="448" count="4" type="stmt"/>
      <line num="450" count="4" type="stmt"/>
      <line num="451" count="23" type="stmt"/>
      <line num="452" count="23" type="stmt"/>
      <line num="453" count="23" type="cond" truecount="2" falsecount="0"/>
      <line num="454" count="21" type="stmt"/>
      <line num="455" count="21" type="stmt"/>
      <line num="457" count="2" type="stmt"/>
      <line num="461" count="4" type="cond" truecount="2" falsecount="0"/>
      <line num="462" count="4" type="stmt"/>
      <line num="464" count="4" type="stmt"/>
      <line num="476" count="2" type="stmt"/>
      <line num="477" count="2" type="stmt"/>
      <line num="478" count="2" type="stmt"/>
      <line num="480" count="2" type="stmt"/>
      <line num="492" count="4" type="stmt"/>
      <line num="493" count="4" type="stmt"/>
      <line num="495" count="4" type="cond" truecount="2" falsecount="0"/>
      <line num="497" count="1" type="stmt"/>
      <line num="498" count="1" type="stmt"/>
      <line num="499" count="1" type="stmt"/>
      <line num="500" count="2" type="stmt"/>
      <line num="502" count="1" type="cond" truecount="1" falsecount="1"/>
      <line num="503" count="1" type="stmt"/>
      <line num="507" count="4" type="stmt"/>
      <line num="508" count="4" type="stmt"/>
      <line num="509" count="3" type="stmt"/>
      <line num="512" count="4" type="stmt"/>
      <line num="513" count="3" type="stmt"/>
      <line num="516" count="3" type="stmt"/>
      <line num="517" count="3" type="cond" truecount="4" falsecount="0"/>
      <line num="518" count="3" type="stmt"/>
      <line num="519" count="2" type="stmt"/>
      <line num="520" count="2" type="stmt"/>
      <line num="521" count="2" type="cond" truecount="2" falsecount="0"/>
      <line num="526" count="3" type="stmt"/>
      <line num="527" count="3" type="cond" truecount="1" falsecount="1"/>
      <line num="528" count="0" type="stmt"/>
      <line num="529" count="0" type="stmt"/>
      <line num="531" count="0" type="stmt"/>
      <line num="535" count="3" type="stmt"/>
      <line num="536" count="4" type="stmt"/>
      <line num="537" count="4" type="cond" truecount="4" falsecount="0"/>
      <line num="538" count="1" type="stmt"/>
      <line num="539" count="1" type="stmt"/>
      <line num="542" count="3" type="stmt"/>
      <line num="543" count="3" type="stmt"/>
      <line num="553" count="3" type="cond" truecount="2" falsecount="2"/>
      <line num="554" count="0" type="stmt"/>
      <line num="557" count="3" type="stmt"/>
      <line num="558" count="3" type="stmt"/>
      <line num="560" count="3" type="cond" truecount="1" falsecount="1"/>
      <line num="563" count="4" type="stmt"/>
      <line num="565" count="4" type="stmt"/>
      <line num="577" count="3" type="stmt"/>
      <line num="578" count="3" type="stmt"/>
      <line num="579" count="3" type="stmt"/>
      <line num="581" count="3" type="cond" truecount="2" falsecount="0"/>
      <line num="582" count="2" type="cond" truecount="2" falsecount="0"/>
      <line num="584" count="1" type="stmt"/>
      <line num="585" count="1" type="stmt"/>
      <line num="589" count="1" type="stmt"/>
      <line num="593" count="1" type="stmt"/>
      <line num="595" count="1" type="stmt"/>
      <line num="601" count="1" type="stmt"/>
      <line num="602" count="1" type="stmt"/>
      <line num="603" count="1" type="stmt"/>
      <line num="607" count="1" type="stmt"/>
      <line num="611" count="1" type="stmt"/>
      <line num="613" count="1" type="stmt"/>
      <line num="619" count="5" type="stmt"/>
      <line num="620" count="5" type="stmt"/>
      <line num="621" count="5" type="cond" truecount="2" falsecount="0"/>
      <line num="623" count="4" type="cond" truecount="1" falsecount="1"/>
      <line num="624" count="4" type="cond" truecount="2" falsecount="0"/>
      <line num="626" count="3" type="stmt"/>
      <line num="627" count="3" type="stmt"/>
      <line num="628" count="3" type="stmt"/>
      <line num="629" count="3" type="cond" truecount="2" falsecount="0"/>
      <line num="630" count="2" type="stmt"/>
      <line num="631" count="2" type="cond" truecount="2" falsecount="0"/>
      <line num="634" count="3" type="stmt"/>
      <line num="642" count="2" type="stmt"/>
      <line num="644" count="2" type="stmt"/>
      <line num="645" count="2" type="stmt"/>
      <line num="647" count="2" type="cond" truecount="2" falsecount="0"/>
      <line num="648" count="1" type="stmt"/>
      <line num="652" count="1" type="stmt"/>
      <line num="653" count="1" type="stmt"/>
      <line num="654" count="1" type="cond" truecount="1" falsecount="1"/>
      <line num="657" count="1" type="stmt"/>
      <line num="658" count="1" type="stmt"/>
      <line num="659" count="1" type="cond" truecount="1" falsecount="1"/>
      <line num="661" count="1" type="stmt"/>
      <line num="667" count="2" type="stmt"/>
      <line num="668" count="2" type="stmt"/>
      <line num="669" count="2" type="stmt"/>
      <line num="674" count="2" type="cond" truecount="1" falsecount="1"/>
      <line num="676" count="0" type="stmt"/>
      <line num="677" count="0" type="stmt"/>
      <line num="678" count="0" type="stmt"/>
      <line num="680" count="0" type="stmt"/>
      <line num="682" count="0" type="stmt"/>
      <line num="683" count="0" type="stmt"/>
      <line num="692" count="0" type="cond" truecount="0" falsecount="2"/>
      <line num="693" count="0" type="stmt"/>
      <line num="694" count="0" type="stmt"/>
      <line num="697" count="0" type="stmt"/>
      <line num="698" count="0" type="stmt"/>
    </file>
  </project>
</coverage>
