{"C:\\Users\\prust\\OneDrive\\Desktop\\mcp-memory-server\\src\\embeddings.ts": {"path":"C:\\Users\\prust\\OneDrive\\Desktop\\mcp-memory-server\\src\\embeddings.ts","statementMap":{"0":{"start":{"line":14,"column":28},"end":{"line":16,"column":2}},"1":{"start":{"line":15,"column":43},"end":{"line":15,"column":70}},"2":{"start":{"line":30,"column":11},"end":{"line":30,"column":40}},"3":{"start":{"line":31,"column":17},"end":{"line":31,"column":20}},"4":{"start":{"line":35,"column":8},"end":{"line":35,"column":56}},"5":{"start":{"line":39,"column":25},"end":{"line":42,"column":10}},"6":{"start":{"line":43,"column":23},"end":{"line":43,"column":55}},"7":{"start":{"line":44,"column":8},"end":{"line":47,"column":9}},"8":{"start":{"line":45,"column":12},"end":{"line":45,"column":68}},"9":{"start":{"line":46,"column":12},"end":{"line":46,"column":22}},"10":{"start":{"line":48,"column":8},"end":{"line":48,"column":22}},"11":{"start":{"line":52,"column":36},"end":{"line":52,"column":38}},"12":{"start":{"line":53,"column":8},"end":{"line":55,"column":9}},"13":{"start":{"line":54,"column":12},"end":{"line":54,"column":49}},"14":{"start":{"line":56,"column":8},"end":{"line":56,"column":23}},"15":{"start":{"line":64,"column":17},"end":{"line":64,"column":21}},"16":{"start":{"line":70,"column":8},"end":{"line":70,"column":29}},"17":{"start":{"line":71,"column":8},"end":{"line":71,"column":83}},"18":{"start":{"line":72,"column":8},"end":{"line":72,"column":55}},"19":{"start":{"line":73,"column":8},"end":{"line":73,"column":45}},"20":{"start":{"line":76,"column":8},"end":{"line":76,"column":67}},"21":{"start":{"line":76,"column":44},"end":{"line":76,"column":67}},"22":{"start":{"line":80,"column":25},"end":{"line":87,"column":10}},"23":{"start":{"line":89,"column":8},"end":{"line":92,"column":9}},"24":{"start":{"line":90,"column":24},"end":{"line":90,"column":45}},"25":{"start":{"line":91,"column":12},"end":{"line":91,"column":85}},"26":{"start":{"line":94,"column":21},"end":{"line":94,"column":49}},"27":{"start":{"line":95,"column":8},"end":{"line":95,"column":38}},"28":{"start":{"line":99,"column":25},"end":{"line":106,"column":10}},"29":{"start":{"line":108,"column":8},"end":{"line":111,"column":9}},"30":{"start":{"line":109,"column":24},"end":{"line":109,"column":45}},"31":{"start":{"line":110,"column":12},"end":{"line":110,"column":91}},"32":{"start":{"line":113,"column":21},"end":{"line":113,"column":49}},"33":{"start":{"line":114,"column":8},"end":{"line":116,"column":42}},"34":{"start":{"line":115,"column":38},"end":{"line":115,"column":55}},"35":{"start":{"line":116,"column":29},"end":{"line":116,"column":40}},"36":{"start":{"line":123,"column":11},"end":{"line":123,"column":40}},"37":{"start":{"line":124,"column":17},"end":{"line":124,"column":21}},"38":{"start":{"line":129,"column":8},"end":{"line":129,"column":29}},"39":{"start":{"line":130,"column":8},"end":{"line":130,"column":51}},"40":{"start":{"line":131,"column":8},"end":{"line":131,"column":45}},"41":{"start":{"line":135,"column":23},"end":{"line":135,"column":52}},"42":{"start":{"line":136,"column":8},"end":{"line":136,"column":25}},"43":{"start":{"line":140,"column":25},"end":{"line":152,"column":10}},"44":{"start":{"line":154,"column":8},"end":{"line":157,"column":9}},"45":{"start":{"line":155,"column":24},"end":{"line":155,"column":45}},"46":{"start":{"line":156,"column":12},"end":{"line":156,"column":85}},"47":{"start":{"line":159,"column":21},"end":{"line":159,"column":49}},"48":{"start":{"line":160,"column":8},"end":{"line":160,"column":37}},"49":{"start":{"line":170,"column":8},"end":{"line":170,"column":33}},"50":{"start":{"line":171,"column":8},"end":{"line":171,"column":97}},"51":{"start":{"line":175,"column":8},"end":{"line":175,"column":34}},"52":{"start":{"line":179,"column":8},"end":{"line":179,"column":40}},"53":{"start":{"line":183,"column":8},"end":{"line":188,"column":9}},"54":{"start":{"line":184,"column":12},"end":{"line":184,"column":51}},"55":{"start":{"line":186,"column":12},"end":{"line":186,"column":114}},"56":{"start":{"line":187,"column":12},"end":{"line":187,"column":24}},"57":{"start":{"line":192,"column":8},"end":{"line":197,"column":9}},"58":{"start":{"line":193,"column":12},"end":{"line":193,"column":57}},"59":{"start":{"line":195,"column":12},"end":{"line":195,"column":109}},"60":{"start":{"line":196,"column":12},"end":{"line":196,"column":24}},"61":{"start":{"line":220,"column":21},"end":{"line":220,"column":60}},"62":{"start":{"line":223,"column":4},"end":{"line":225,"column":5}},"63":{"start":{"line":224,"column":8},"end":{"line":224,"column":77}},"64":{"start":{"line":226,"column":4},"end":{"line":228,"column":5}},"65":{"start":{"line":227,"column":8},"end":{"line":227,"column":119}},"66":{"start":{"line":229,"column":4},"end":{"line":231,"column":5}},"67":{"start":{"line":230,"column":8},"end":{"line":230,"column":97}},"68":{"start":{"line":234,"column":4},"end":{"line":236,"column":5}},"69":{"start":{"line":235,"column":8},"end":{"line":235,"column":77}},"70":{"start":{"line":237,"column":4},"end":{"line":239,"column":5}},"71":{"start":{"line":238,"column":8},"end":{"line":238,"column":119}},"72":{"start":{"line":240,"column":4},"end":{"line":242,"column":5}},"73":{"start":{"line":241,"column":8},"end":{"line":241,"column":97}},"74":{"start":{"line":244,"column":4},"end":{"line":244,"column":101}},"75":{"start":{"line":245,"column":4},"end":{"line":245,"column":16}}},"fnMap":{"0":{"name":"(anonymous_0)","decl":{"start":{"line":15,"column":18},"end":{"line":15,"column":19}},"loc":{"start":{"line":15,"column":43},"end":{"line":15,"column":70}}},"1":{"name":"(anonymous_1)","decl":{"start":{"line":34,"column":4},"end":{"line":34,"column":16}},"loc":{"start":{"line":34,"column":30},"end":{"line":36,"column":5}}},"2":{"name":"(anonymous_2)","decl":{"start":{"line":38,"column":4},"end":{"line":38,"column":9}},"loc":{"start":{"line":38,"column":28},"end":{"line":49,"column":5}}},"3":{"name":"(anonymous_3)","decl":{"start":{"line":51,"column":4},"end":{"line":51,"column":9}},"loc":{"start":{"line":51,"column":36},"end":{"line":57,"column":5}}},"4":{"name":"(anonymous_4)","decl":{"start":{"line":69,"column":4},"end":{"line":69,"column":16}},"loc":{"start":{"line":69,"column":64},"end":{"line":77,"column":5}}},"5":{"name":"(anonymous_5)","decl":{"start":{"line":79,"column":4},"end":{"line":79,"column":9}},"loc":{"start":{"line":79,"column":28},"end":{"line":96,"column":5}}},"6":{"name":"(anonymous_6)","decl":{"start":{"line":98,"column":4},"end":{"line":98,"column":9}},"loc":{"start":{"line":98,"column":36},"end":{"line":117,"column":5}}},"7":{"name":"(anonymous_7)","decl":{"start":{"line":115,"column":18},"end":{"line":115,"column":19}},"loc":{"start":{"line":115,"column":38},"end":{"line":115,"column":55}}},"8":{"name":"(anonymous_8)","decl":{"start":{"line":116,"column":17},"end":{"line":116,"column":18}},"loc":{"start":{"line":116,"column":29},"end":{"line":116,"column":40}}},"9":{"name":"(anonymous_9)","decl":{"start":{"line":128,"column":4},"end":{"line":128,"column":16}},"loc":{"start":{"line":128,"column":46},"end":{"line":132,"column":5}}},"10":{"name":"(anonymous_10)","decl":{"start":{"line":134,"column":4},"end":{"line":134,"column":9}},"loc":{"start":{"line":134,"column":28},"end":{"line":137,"column":5}}},"11":{"name":"(anonymous_11)","decl":{"start":{"line":139,"column":4},"end":{"line":139,"column":9}},"loc":{"start":{"line":139,"column":36},"end":{"line":161,"column":5}}},"12":{"name":"(anonymous_12)","decl":{"start":{"line":169,"column":4},"end":{"line":169,"column":16}},"loc":{"start":{"line":169,"column":43},"end":{"line":172,"column":5}}},"13":{"name":"(anonymous_13)","decl":{"start":{"line":174,"column":4},"end":{"line":174,"column":8}},"loc":{"start":{"line":174,"column":20},"end":{"line":176,"column":5}}},"14":{"name":"(anonymous_14)","decl":{"start":{"line":178,"column":4},"end":{"line":178,"column":8}},"loc":{"start":{"line":178,"column":18},"end":{"line":180,"column":5}}},"15":{"name":"(anonymous_15)","decl":{"start":{"line":182,"column":4},"end":{"line":182,"column":9}},"loc":{"start":{"line":182,"column":28},"end":{"line":189,"column":5}}},"16":{"name":"(anonymous_16)","decl":{"start":{"line":191,"column":4},"end":{"line":191,"column":9}},"loc":{"start":{"line":191,"column":36},"end":{"line":198,"column":5}}},"17":{"name":"createEmbeddingService","decl":{"start":{"line":219,"column":16},"end":{"line":219,"column":38}},"loc":{"start":{"line":219,"column":62},"end":{"line":246,"column":1}}}},"branchMap":{"0":{"loc":{"start":{"line":44,"column":8},"end":{"line":47,"column":9}},"type":"if","locations":[{"start":{"line":44,"column":8},"end":{"line":47,"column":9}},{"start":{},"end":{}}]},"1":{"loc":{"start":{"line":44,"column":12},"end":{"line":44,"column":42}},"type":"binary-expr","locations":[{"start":{"line":44,"column":12},"end":{"line":44,"column":19}},{"start":{"line":44,"column":23},"end":{"line":44,"column":42}}]},"2":{"loc":{"start":{"line":71,"column":24},"end":{"line":71,"column":62}},"type":"binary-expr","locations":[{"start":{"line":71,"column":24},"end":{"line":71,"column":31}},{"start":{"line":71,"column":35},"end":{"line":71,"column":62}}]},"3":{"loc":{"start":{"line":72,"column":21},"end":{"line":72,"column":54}},"type":"binary-expr","locations":[{"start":{"line":72,"column":21},"end":{"line":72,"column":26}},{"start":{"line":72,"column":30},"end":{"line":72,"column":54}}]},"4":{"loc":{"start":{"line":76,"column":8},"end":{"line":76,"column":67}},"type":"if","locations":[{"start":{"line":76,"column":8},"end":{"line":76,"column":67}},{"start":{},"end":{}}]},"5":{"loc":{"start":{"line":89,"column":8},"end":{"line":92,"column":9}},"type":"if","locations":[{"start":{"line":89,"column":8},"end":{"line":92,"column":9}},{"start":{},"end":{}}]},"6":{"loc":{"start":{"line":108,"column":8},"end":{"line":111,"column":9}},"type":"if","locations":[{"start":{"line":108,"column":8},"end":{"line":111,"column":9}},{"start":{},"end":{}}]},"7":{"loc":{"start":{"line":130,"column":21},"end":{"line":130,"column":50}},"type":"binary-expr","locations":[{"start":{"line":130,"column":21},"end":{"line":130,"column":26}},{"start":{"line":130,"column":30},"end":{"line":130,"column":50}}]},"8":{"loc":{"start":{"line":154,"column":8},"end":{"line":157,"column":9}},"type":"if","locations":[{"start":{"line":154,"column":8},"end":{"line":157,"column":9}},{"start":{},"end":{}}]},"9":{"loc":{"start":{"line":223,"column":4},"end":{"line":225,"column":5}},"type":"if","locations":[{"start":{"line":223,"column":4},"end":{"line":225,"column":5}},{"start":{},"end":{}}]},"10":{"loc":{"start":{"line":223,"column":8},"end":{"line":223,"column":52}},"type":"binary-expr","locations":[{"start":{"line":223,"column":8},"end":{"line":223,"column":29}},{"start":{"line":223,"column":33},"end":{"line":223,"column":52}}]},"11":{"loc":{"start":{"line":226,"column":4},"end":{"line":228,"column":5}},"type":"if","locations":[{"start":{"line":226,"column":4},"end":{"line":228,"column":5}},{"start":{},"end":{}}]},"12":{"loc":{"start":{"line":226,"column":8},"end":{"line":226,"column":90}},"type":"binary-expr","locations":[{"start":{"line":226,"column":9},"end":{"line":226,"column":30}},{"start":{"line":226,"column":34},"end":{"line":226,"column":66}},{"start":{"line":226,"column":71},"end":{"line":226,"column":90}}]},"13":{"loc":{"start":{"line":229,"column":4},"end":{"line":231,"column":5}},"type":"if","locations":[{"start":{"line":229,"column":4},"end":{"line":231,"column":5}},{"start":{},"end":{}}]},"14":{"loc":{"start":{"line":229,"column":8},"end":{"line":229,"column":52}},"type":"binary-expr","locations":[{"start":{"line":229,"column":8},"end":{"line":229,"column":29}},{"start":{"line":229,"column":33},"end":{"line":229,"column":52}}]},"15":{"loc":{"start":{"line":234,"column":4},"end":{"line":236,"column":5}},"type":"if","locations":[{"start":{"line":234,"column":4},"end":{"line":236,"column":5}},{"start":{},"end":{}}]},"16":{"loc":{"start":{"line":237,"column":4},"end":{"line":239,"column":5}},"type":"if","locations":[{"start":{"line":237,"column":4},"end":{"line":239,"column":5}},{"start":{},"end":{}}]},"17":{"loc":{"start":{"line":240,"column":4},"end":{"line":242,"column":5}},"type":"if","locations":[{"start":{"line":240,"column":4},"end":{"line":242,"column":5}},{"start":{},"end":{}}]}},"s":{"0":1,"1":0,"2":11,"3":11,"4":11,"5":10,"6":7,"7":7,"8":3,"9":3,"10":4,"11":2,"12":2,"13":4,"14":1,"15":14,"16":14,"17":14,"18":14,"19":14,"20":14,"21":1,"22":6,"23":6,"24":1,"25":1,"26":5,"27":5,"28":2,"29":2,"30":1,"31":1,"32":1,"33":1,"34":4,"35":3,"36":7,"37":7,"38":7,"39":7,"40":7,"41":2,"42":1,"43":3,"44":3,"45":1,"46":1,"47":2,"48":2,"49":32,"50":32,"51":11,"52":4,"53":14,"54":14,"55":4,"56":4,"57":5,"58":5,"59":2,"60":2,"61":35,"62":35,"63":0,"64":35,"65":4,"66":31,"67":1,"68":30,"69":11,"70":19,"71":10,"72":9,"73":6,"74":3,"75":3},"f":{"0":0,"1":11,"2":10,"3":2,"4":14,"5":6,"6":2,"7":4,"8":3,"9":7,"10":2,"11":3,"12":32,"13":11,"14":4,"15":14,"16":5,"17":35},"b":{"0":[3,4],"1":[7,5],"2":[14,10],"3":[14,11],"4":[1,13],"5":[1,5],"6":[1,1],"7":[7,6],"8":[1,2],"9":[0,35],"10":[35,0],"11":[4,31],"12":[35,32,5],"13":[1,30],"14":[31,1],"15":[11,19],"16":[10,9],"17":[6,3]}}
,"C:\\Users\\prust\\OneDrive\\Desktop\\mcp-memory-server\\src\\logger.ts": {"path":"C:\\Users\\prust\\OneDrive\\Desktop\\mcp-memory-server\\src\\logger.ts","statementMap":{"0":{"start":{"line":8,"column":15},"end":{"line":8,"column":64}},"1":{"start":{"line":11,"column":31},"end":{"line":14,"column":4}},"2":{"start":{"line":12,"column":16},"end":{"line":12,"column":63}},"3":{"start":{"line":13,"column":4},"end":{"line":13,"column":54}},"4":{"start":{"line":17,"column":4},"end":{"line":17,"column":49}},"5":{"start":{"line":21,"column":15},"end":{"line":21,"column":39}},"6":{"start":{"line":22,"column":16},"end":{"line":22,"column":55}},"7":{"start":{"line":23,"column":17},"end":{"line":23,"column":42}},"8":{"start":{"line":24,"column":4},"end":{"line":24,"column":73}},"9":{"start":{"line":27,"column":22},"end":{"line":40,"column":2}},"10":{"start":{"line":29,"column":8},"end":{"line":29,"column":85}},"11":{"start":{"line":29,"column":32},"end":{"line":29,"column":85}},"12":{"start":{"line":32,"column":8},"end":{"line":32,"column":83}},"13":{"start":{"line":32,"column":31},"end":{"line":32,"column":83}},"14":{"start":{"line":35,"column":8},"end":{"line":35,"column":83}},"15":{"start":{"line":35,"column":31},"end":{"line":35,"column":83}},"16":{"start":{"line":38,"column":8},"end":{"line":38,"column":85}},"17":{"start":{"line":38,"column":32},"end":{"line":38,"column":85}}},"fnMap":{"0":{"name":"(anonymous_0)","decl":{"start":{"line":11,"column":32},"end":{"line":11,"column":35}},"loc":{"start":{"line":11,"column":37},"end":{"line":14,"column":1}}},"1":{"name":"shouldLog","decl":{"start":{"line":16,"column":9},"end":{"line":16,"column":18}},"loc":{"start":{"line":16,"column":34},"end":{"line":18,"column":1}}},"2":{"name":"formatMessage","decl":{"start":{"line":20,"column":9},"end":{"line":20,"column":22}},"loc":{"start":{"line":20,"column":71},"end":{"line":25,"column":1}}},"3":{"name":"(anonymous_3)","decl":{"start":{"line":28,"column":4},"end":{"line":28,"column":9}},"loc":{"start":{"line":28,"column":41},"end":{"line":30,"column":5}}},"4":{"name":"(anonymous_4)","decl":{"start":{"line":31,"column":4},"end":{"line":31,"column":8}},"loc":{"start":{"line":31,"column":40},"end":{"line":33,"column":5}}},"5":{"name":"(anonymous_5)","decl":{"start":{"line":34,"column":4},"end":{"line":34,"column":8}},"loc":{"start":{"line":34,"column":40},"end":{"line":36,"column":5}}},"6":{"name":"(anonymous_6)","decl":{"start":{"line":37,"column":4},"end":{"line":37,"column":9}},"loc":{"start":{"line":37,"column":41},"end":{"line":39,"column":5}}}},"branchMap":{"0":{"loc":{"start":{"line":12,"column":17},"end":{"line":12,"column":48}},"type":"binary-expr","locations":[{"start":{"line":12,"column":17},"end":{"line":12,"column":38}},{"start":{"line":12,"column":42},"end":{"line":12,"column":48}}]},"1":{"loc":{"start":{"line":13,"column":11},"end":{"line":13,"column":53}},"type":"cond-expr","locations":[{"start":{"line":13,"column":28},"end":{"line":13,"column":44}},{"start":{"line":13,"column":47},"end":{"line":13,"column":53}}]},"2":{"loc":{"start":{"line":24,"column":11},"end":{"line":24,"column":72}},"type":"cond-expr","locations":[{"start":{"line":24,"column":32},"end":{"line":24,"column":65}},{"start":{"line":24,"column":68},"end":{"line":24,"column":72}}]},"3":{"loc":{"start":{"line":29,"column":8},"end":{"line":29,"column":85}},"type":"if","locations":[{"start":{"line":29,"column":8},"end":{"line":29,"column":85}},{"start":{},"end":{}}]},"4":{"loc":{"start":{"line":32,"column":8},"end":{"line":32,"column":83}},"type":"if","locations":[{"start":{"line":32,"column":8},"end":{"line":32,"column":83}},{"start":{},"end":{}}]},"5":{"loc":{"start":{"line":35,"column":8},"end":{"line":35,"column":83}},"type":"if","locations":[{"start":{"line":35,"column":8},"end":{"line":35,"column":83}},{"start":{},"end":{}}]},"6":{"loc":{"start":{"line":38,"column":8},"end":{"line":38,"column":85}},"type":"if","locations":[{"start":{"line":38,"column":8},"end":{"line":38,"column":85}},{"start":{},"end":{}}]}},"s":{"0":5,"1":5,"2":5,"3":5,"4":88,"5":78,"6":78,"7":78,"8":78,"9":5,"10":10,"11":1,"12":76,"13":75,"14":1,"15":1,"16":1,"17":1},"f":{"0":5,"1":88,"2":78,"3":10,"4":76,"5":1,"6":1},"b":{"0":[5,3],"1":[5,0],"2":[1,77],"3":[1,9],"4":[75,1],"5":[1,0],"6":[1,0]}}
,"C:\\Users\\prust\\OneDrive\\Desktop\\mcp-memory-server\\src\\store.ts": {"path":"C:\\Users\\prust\\OneDrive\\Desktop\\mcp-memory-server\\src\\store.ts","statementMap":{"0":{"start":{"line":26,"column":24},"end":{"line":26,"column":82}},"1":{"start":{"line":27,"column":20},"end":{"line":27,"column":21}},"2":{"start":{"line":28,"column":22},"end":{"line":28,"column":25}},"3":{"start":{"line":36,"column":4},"end":{"line":54,"column":5}},"4":{"start":{"line":36,"column":23},"end":{"line":36,"column":24}},"5":{"start":{"line":37,"column":8},"end":{"line":53,"column":9}},"6":{"start":{"line":38,"column":12},"end":{"line":38,"column":30}},"7":{"start":{"line":40,"column":12},"end":{"line":40,"column":28}},"8":{"start":{"line":41,"column":25},"end":{"line":41,"column":56}},"9":{"start":{"line":43,"column":12},"end":{"line":52,"column":13}},"10":{"start":{"line":44,"column":30},"end":{"line":44,"column":66}},"11":{"start":{"line":45,"column":16},"end":{"line":48,"column":19}},"12":{"start":{"line":49,"column":16},"end":{"line":49,"column":63}},"13":{"start":{"line":49,"column":41},"end":{"line":49,"column":61}},"14":{"start":{"line":51,"column":16},"end":{"line":51,"column":22}},"15":{"start":{"line":56,"column":4},"end":{"line":56,"column":20}},"16":{"start":{"line":63,"column":17},"end":{"line":63,"column":28}},"17":{"start":{"line":64,"column":4},"end":{"line":73,"column":6}},"18":{"start":{"line":80,"column":4},"end":{"line":80,"column":40}},"19":{"start":{"line":80,"column":27},"end":{"line":80,"column":40}},"20":{"start":{"line":81,"column":4},"end":{"line":81,"column":51}},"21":{"start":{"line":88,"column":22},"end":{"line":88,"column":40}},"22":{"start":{"line":89,"column":23},"end":{"line":89,"column":42}},"23":{"start":{"line":92,"column":4},"end":{"line":92,"column":51}},"24":{"start":{"line":92,"column":40},"end":{"line":92,"column":51}},"25":{"start":{"line":95,"column":23},"end":{"line":95,"column":62}},"26":{"start":{"line":96,"column":4},"end":{"line":96,"column":42}},"27":{"start":{"line":96,"column":33},"end":{"line":96,"column":42}},"28":{"start":{"line":99,"column":22},"end":{"line":99,"column":69}},"29":{"start":{"line":100,"column":4},"end":{"line":102,"column":5}},"30":{"start":{"line":101,"column":8},"end":{"line":101,"column":41}},"31":{"start":{"line":103,"column":23},"end":{"line":103,"column":24}},"32":{"start":{"line":104,"column":23},"end":{"line":104,"column":24}},"33":{"start":{"line":106,"column":4},"end":{"line":122,"column":5}},"34":{"start":{"line":108,"column":8},"end":{"line":111,"column":9}},"35":{"start":{"line":109,"column":12},"end":{"line":109,"column":27}},"36":{"start":{"line":110,"column":12},"end":{"line":110,"column":21}},"37":{"start":{"line":113,"column":26},"end":{"line":113,"column":27}},"38":{"start":{"line":114,"column":8},"end":{"line":120,"column":9}},"39":{"start":{"line":115,"column":12},"end":{"line":119,"column":13}},"40":{"start":{"line":116,"column":16},"end":{"line":116,"column":75}},"41":{"start":{"line":117,"column":19},"end":{"line":119,"column":13}},"42":{"start":{"line":118,"column":16},"end":{"line":118,"column":75}},"43":{"start":{"line":121,"column":8},"end":{"line":121,"column":36}},"44":{"start":{"line":125,"column":22},"end":{"line":125,"column":62}},"45":{"start":{"line":126,"column":29},"end":{"line":126,"column":69}},"46":{"start":{"line":128,"column":4},"end":{"line":128,"column":56}},"47":{"start":{"line":138,"column":8},"end":{"line":138,"column":21}},"48":{"start":{"line":139,"column":8},"end":{"line":139,"column":29}},"49":{"start":{"line":140,"column":8},"end":{"line":140,"column":37}},"50":{"start":{"line":141,"column":8},"end":{"line":141,"column":84}},"51":{"start":{"line":142,"column":8},"end":{"line":142,"column":68}},"52":{"start":{"line":147,"column":8},"end":{"line":147,"column":40}},"53":{"start":{"line":154,"column":8},"end":{"line":186,"column":11}},"54":{"start":{"line":155,"column":50},"end":{"line":163,"column":14}},"55":{"start":{"line":157,"column":50},"end":{"line":157,"column":65}},"56":{"start":{"line":166,"column":12},"end":{"line":169,"column":13}},"57":{"start":{"line":167,"column":34},"end":{"line":167,"column":89}},"58":{"start":{"line":168,"column":16},"end":{"line":168,"column":63}},"59":{"start":{"line":172,"column":12},"end":{"line":181,"column":13}},"60":{"start":{"line":173,"column":16},"end":{"line":180,"column":17}},"61":{"start":{"line":174,"column":35},"end":{"line":174,"column":74}},"62":{"start":{"line":175,"column":20},"end":{"line":177,"column":21}},"63":{"start":{"line":176,"column":24},"end":{"line":176,"column":67}},"64":{"start":{"line":179,"column":20},"end":{"line":179,"column":86}},"65":{"start":{"line":183,"column":27},"end":{"line":183,"column":58}},"66":{"start":{"line":184,"column":12},"end":{"line":184,"column":55}},"67":{"start":{"line":185,"column":12},"end":{"line":185,"column":29}},"68":{"start":{"line":191,"column":8},"end":{"line":197,"column":11}},"69":{"start":{"line":192,"column":24},"end":{"line":192,"column":59}},"70":{"start":{"line":193,"column":12},"end":{"line":193,"column":41}},"71":{"start":{"line":193,"column":29},"end":{"line":193,"column":41}},"72":{"start":{"line":194,"column":27},"end":{"line":194,"column":43}},"73":{"start":{"line":195,"column":12},"end":{"line":195,"column":47}},"74":{"start":{"line":195,"column":35},"end":{"line":195,"column":47}},"75":{"start":{"line":196,"column":12},"end":{"line":196,"column":26}},"76":{"start":{"line":202,"column":22},"end":{"line":202,"column":69}},"77":{"start":{"line":203,"column":23},"end":{"line":203,"column":55}},"78":{"start":{"line":205,"column":8},"end":{"line":223,"column":11}},"79":{"start":{"line":207,"column":29},"end":{"line":209,"column":22}},"80":{"start":{"line":211,"column":24},"end":{"line":213,"column":45}},"81":{"start":{"line":213,"column":31},"end":{"line":213,"column":44}},"82":{"start":{"line":216,"column":12},"end":{"line":220,"column":15}},"83":{"start":{"line":217,"column":16},"end":{"line":217,"column":53}},"84":{"start":{"line":217,"column":43},"end":{"line":217,"column":53}},"85":{"start":{"line":218,"column":16},"end":{"line":218,"column":52}},"86":{"start":{"line":218,"column":43},"end":{"line":218,"column":52}},"87":{"start":{"line":219,"column":16},"end":{"line":219,"column":25}},"88":{"start":{"line":222,"column":12},"end":{"line":222,"column":53}},"89":{"start":{"line":228,"column":8},"end":{"line":236,"column":11}},"90":{"start":{"line":229,"column":29},"end":{"line":229,"column":56}},"91":{"start":{"line":230,"column":31},"end":{"line":230,"column":50}},"92":{"start":{"line":232,"column":12},"end":{"line":235,"column":74}},"93":{"start":{"line":234,"column":31},"end":{"line":234,"column":44}},"94":{"start":{"line":235,"column":31},"end":{"line":235,"column":72}},"95":{"start":{"line":241,"column":8},"end":{"line":265,"column":11}},"96":{"start":{"line":242,"column":29},"end":{"line":242,"column":56}},"97":{"start":{"line":244,"column":43},"end":{"line":244,"column":45}},"98":{"start":{"line":245,"column":12},"end":{"line":253,"column":13}},"99":{"start":{"line":246,"column":31},"end":{"line":246,"column":47}},"100":{"start":{"line":247,"column":16},"end":{"line":247,"column":48}},"101":{"start":{"line":247,"column":39},"end":{"line":247,"column":48}},"102":{"start":{"line":249,"column":34},"end":{"line":249,"column":83}},"103":{"start":{"line":250,"column":16},"end":{"line":252,"column":17}},"104":{"start":{"line":251,"column":20},"end":{"line":251,"column":93}},"105":{"start":{"line":256,"column":31},"end":{"line":256,"column":50}},"106":{"start":{"line":257,"column":12},"end":{"line":262,"column":13}},"107":{"start":{"line":258,"column":16},"end":{"line":261,"column":17}},"108":{"start":{"line":258,"column":40},"end":{"line":258,"column":62}},"109":{"start":{"line":259,"column":20},"end":{"line":259,"column":70}},"110":{"start":{"line":260,"column":20},"end":{"line":260,"column":72}},"111":{"start":{"line":264,"column":12},"end":{"line":264,"column":68}},"112":{"start":{"line":264,"column":41},"end":{"line":264,"column":66}},"113":{"start":{"line":270,"column":8},"end":{"line":270,"column":41}},"114":{"start":{"line":270,"column":31},"end":{"line":270,"column":41}},"115":{"start":{"line":273,"column":26},"end":{"line":273,"column":71}},"116":{"start":{"line":273,"column":55},"end":{"line":273,"column":70}},"117":{"start":{"line":275,"column":8},"end":{"line":281,"column":11}},"118":{"start":{"line":276,"column":29},"end":{"line":278,"column":22}},"119":{"start":{"line":280,"column":12},"end":{"line":280,"column":79}},"120":{"start":{"line":280,"column":64},"end":{"line":280,"column":77}},"121":{"start":{"line":286,"column":8},"end":{"line":307,"column":11}},"122":{"start":{"line":287,"column":32},"end":{"line":293,"column":14}},"123":{"start":{"line":295,"column":29},"end":{"line":295,"column":52}},"124":{"start":{"line":297,"column":12},"end":{"line":306,"column":83}},"125":{"start":{"line":299,"column":35},"end":{"line":299,"column":51}},"126":{"start":{"line":300,"column":20},"end":{"line":300,"column":55}},"127":{"start":{"line":300,"column":43},"end":{"line":300,"column":55}},"128":{"start":{"line":302,"column":37},"end":{"line":302,"column":78}},"129":{"start":{"line":303,"column":38},"end":{"line":303,"column":76}},"130":{"start":{"line":304,"column":20},"end":{"line":304,"column":52}},"131":{"start":{"line":306,"column":50},"end":{"line":306,"column":81}},"132":{"start":{"line":312,"column":8},"end":{"line":345,"column":11}},"133":{"start":{"line":313,"column":27},"end":{"line":313,"column":50}},"134":{"start":{"line":314,"column":24},"end":{"line":314,"column":42}},"135":{"start":{"line":316,"column":12},"end":{"line":318,"column":13}},"136":{"start":{"line":317,"column":16},"end":{"line":317,"column":67}},"137":{"start":{"line":320,"column":56},"end":{"line":322,"column":14}},"138":{"start":{"line":324,"column":12},"end":{"line":324,"column":75}},"139":{"start":{"line":324,"column":44},"end":{"line":324,"column":75}},"140":{"start":{"line":325,"column":12},"end":{"line":325,"column":103}},"141":{"start":{"line":325,"column":44},"end":{"line":325,"column":103}},"142":{"start":{"line":325,"column":86},"end":{"line":325,"column":101}},"143":{"start":{"line":326,"column":12},"end":{"line":326,"column":81}},"144":{"start":{"line":326,"column":46},"end":{"line":326,"column":81}},"145":{"start":{"line":329,"column":12},"end":{"line":338,"column":13}},"146":{"start":{"line":330,"column":16},"end":{"line":337,"column":17}},"147":{"start":{"line":331,"column":35},"end":{"line":331,"column":76}},"148":{"start":{"line":332,"column":20},"end":{"line":334,"column":21}},"149":{"start":{"line":333,"column":24},"end":{"line":333,"column":73}},"150":{"start":{"line":336,"column":20},"end":{"line":336,"column":92}},"151":{"start":{"line":340,"column":12},"end":{"line":340,"column":44}},"152":{"start":{"line":343,"column":28},"end":{"line":343,"column":46}},"153":{"start":{"line":344,"column":12},"end":{"line":344,"column":40}},"154":{"start":{"line":350,"column":8},"end":{"line":359,"column":11}},"155":{"start":{"line":351,"column":27},"end":{"line":351,"column":50}},"156":{"start":{"line":352,"column":24},"end":{"line":352,"column":42}},"157":{"start":{"line":354,"column":12},"end":{"line":354,"column":42}},"158":{"start":{"line":354,"column":29},"end":{"line":354,"column":42}},"159":{"start":{"line":356,"column":12},"end":{"line":356,"column":34}},"160":{"start":{"line":357,"column":12},"end":{"line":357,"column":50}},"161":{"start":{"line":358,"column":12},"end":{"line":358,"column":24}},"162":{"start":{"line":366,"column":8},"end":{"line":380,"column":11}},"163":{"start":{"line":367,"column":27},"end":{"line":367,"column":50}},"164":{"start":{"line":368,"column":24},"end":{"line":368,"column":42}},"165":{"start":{"line":370,"column":12},"end":{"line":370,"column":80}},"166":{"start":{"line":370,"column":29},"end":{"line":370,"column":80}},"167":{"start":{"line":372,"column":34},"end":{"line":372,"column":61}},"168":{"start":{"line":373,"column":12},"end":{"line":376,"column":15}},"169":{"start":{"line":378,"column":28},"end":{"line":378,"column":46}},"170":{"start":{"line":379,"column":12},"end":{"line":379,"column":40}},"171":{"start":{"line":387,"column":24},"end":{"line":387,"column":43}},"172":{"start":{"line":388,"column":22},"end":{"line":388,"column":37}},"173":{"start":{"line":389,"column":30},"end":{"line":389,"column":32}},"174":{"start":{"line":390,"column":33},"end":{"line":390,"column":35}},"175":{"start":{"line":393,"column":37},"end":{"line":393,"column":39}},"176":{"start":{"line":394,"column":8},"end":{"line":400,"column":9}},"177":{"start":{"line":395,"column":12},"end":{"line":399,"column":13}},"178":{"start":{"line":396,"column":16},"end":{"line":396,"column":88}},"179":{"start":{"line":396,"column":79},"end":{"line":396,"column":85}},"180":{"start":{"line":398,"column":16},"end":{"line":398,"column":104}},"181":{"start":{"line":402,"column":8},"end":{"line":430,"column":9}},"182":{"start":{"line":402,"column":21},"end":{"line":402,"column":22}},"183":{"start":{"line":403,"column":26},"end":{"line":403,"column":36}},"184":{"start":{"line":404,"column":12},"end":{"line":429,"column":13}},"185":{"start":{"line":405,"column":31},"end":{"line":405,"column":52}},"186":{"start":{"line":406,"column":54},"end":{"line":414,"column":18}},"187":{"start":{"line":416,"column":16},"end":{"line":419,"column":17}},"188":{"start":{"line":417,"column":38},"end":{"line":417,"column":93}},"189":{"start":{"line":418,"column":20},"end":{"line":418,"column":67}},"190":{"start":{"line":421,"column":16},"end":{"line":423,"column":17}},"191":{"start":{"line":422,"column":20},"end":{"line":422,"column":70}},"192":{"start":{"line":425,"column":16},"end":{"line":425,"column":40}},"193":{"start":{"line":426,"column":16},"end":{"line":426,"column":36}},"194":{"start":{"line":428,"column":16},"end":{"line":428,"column":41}},"195":{"start":{"line":432,"column":8},"end":{"line":432,"column":29}},"196":{"start":{"line":433,"column":8},"end":{"line":433,"column":57}},"197":{"start":{"line":435,"column":8},"end":{"line":440,"column":10}},"198":{"start":{"line":445,"column":24},"end":{"line":445,"column":46}},"199":{"start":{"line":446,"column":22},"end":{"line":446,"column":37}},"200":{"start":{"line":447,"column":30},"end":{"line":447,"column":32}},"201":{"start":{"line":448,"column":33},"end":{"line":448,"column":35}},"202":{"start":{"line":450,"column":8},"end":{"line":459,"column":9}},"203":{"start":{"line":451,"column":27},"end":{"line":451,"column":50}},"204":{"start":{"line":452,"column":24},"end":{"line":452,"column":42}},"205":{"start":{"line":453,"column":12},"end":{"line":458,"column":13}},"206":{"start":{"line":454,"column":16},"end":{"line":454,"column":37}},"207":{"start":{"line":455,"column":16},"end":{"line":455,"column":29}},"208":{"start":{"line":457,"column":16},"end":{"line":457,"column":48}},"209":{"start":{"line":461,"column":8},"end":{"line":461,"column":49}},"210":{"start":{"line":461,"column":28},"end":{"line":461,"column":49}},"211":{"start":{"line":462,"column":8},"end":{"line":462,"column":59}},"212":{"start":{"line":464,"column":8},"end":{"line":469,"column":10}},"213":{"start":{"line":476,"column":8},"end":{"line":487,"column":11}},"214":{"start":{"line":477,"column":29},"end":{"line":477,"column":85}},"215":{"start":{"line":478,"column":29},"end":{"line":478,"column":59}},"216":{"start":{"line":480,"column":12},"end":{"line":486,"column":14}},"217":{"start":{"line":492,"column":30},"end":{"line":492,"column":32}},"218":{"start":{"line":493,"column":33},"end":{"line":493,"column":35}},"219":{"start":{"line":495,"column":8},"end":{"line":504,"column":9}},"220":{"start":{"line":497,"column":29},"end":{"line":497,"column":56}},"221":{"start":{"line":498,"column":32},"end":{"line":498,"column":47}},"222":{"start":{"line":499,"column":12},"end":{"line":501,"column":13}},"223":{"start":{"line":500,"column":16},"end":{"line":500,"column":44}},"224":{"start":{"line":502,"column":12},"end":{"line":502,"column":69}},"225":{"start":{"line":502,"column":42},"end":{"line":502,"column":69}},"226":{"start":{"line":503,"column":12},"end":{"line":503,"column":96}},"227":{"start":{"line":507,"column":23},"end":{"line":507,"column":25}},"228":{"start":{"line":508,"column":8},"end":{"line":510,"column":9}},"229":{"start":{"line":508,"column":21},"end":{"line":508,"column":22}},"230":{"start":{"line":509,"column":12},"end":{"line":509,"column":56}},"231":{"start":{"line":512,"column":8},"end":{"line":561,"column":9}},"232":{"start":{"line":513,"column":26},"end":{"line":513,"column":41}},"233":{"start":{"line":516,"column":33},"end":{"line":516,"column":59}},"234":{"start":{"line":517,"column":12},"end":{"line":523,"column":13}},"235":{"start":{"line":518,"column":29},"end":{"line":518,"column":72}},"236":{"start":{"line":518,"column":46},"end":{"line":518,"column":71}},"237":{"start":{"line":519,"column":34},"end":{"line":519,"column":63}},"238":{"start":{"line":520,"column":16},"end":{"line":522,"column":19}},"239":{"start":{"line":521,"column":20},"end":{"line":521,"column":69}},"240":{"start":{"line":521,"column":37},"end":{"line":521,"column":69}},"241":{"start":{"line":526,"column":41},"end":{"line":526,"column":43}},"242":{"start":{"line":527,"column":12},"end":{"line":533,"column":13}},"243":{"start":{"line":528,"column":16},"end":{"line":532,"column":17}},"244":{"start":{"line":529,"column":20},"end":{"line":529,"column":90}},"245":{"start":{"line":529,"column":81},"end":{"line":529,"column":87}},"246":{"start":{"line":531,"column":20},"end":{"line":531,"column":106}},"247":{"start":{"line":535,"column":12},"end":{"line":559,"column":13}},"248":{"start":{"line":535,"column":25},"end":{"line":535,"column":26}},"249":{"start":{"line":536,"column":31},"end":{"line":536,"column":39}},"250":{"start":{"line":537,"column":16},"end":{"line":540,"column":17}},"251":{"start":{"line":538,"column":20},"end":{"line":538,"column":74}},"252":{"start":{"line":539,"column":20},"end":{"line":539,"column":29}},"253":{"start":{"line":542,"column":31},"end":{"line":542,"column":61}},"254":{"start":{"line":543,"column":54},"end":{"line":551,"column":18}},"255":{"start":{"line":553,"column":16},"end":{"line":555,"column":17}},"256":{"start":{"line":554,"column":20},"end":{"line":554,"column":70}},"257":{"start":{"line":557,"column":16},"end":{"line":557,"column":40}},"258":{"start":{"line":558,"column":16},"end":{"line":558,"column":36}},"259":{"start":{"line":560,"column":12},"end":{"line":560,"column":53}},"260":{"start":{"line":560,"column":32},"end":{"line":560,"column":53}},"261":{"start":{"line":563,"column":8},"end":{"line":563,"column":71}},"262":{"start":{"line":565,"column":8},"end":{"line":570,"column":10}},"263":{"start":{"line":577,"column":8},"end":{"line":596,"column":11}},"264":{"start":{"line":578,"column":25},"end":{"line":578,"column":61}},"265":{"start":{"line":579,"column":25},"end":{"line":579,"column":61}},"266":{"start":{"line":581,"column":12},"end":{"line":581,"column":74}},"267":{"start":{"line":581,"column":30},"end":{"line":581,"column":74}},"268":{"start":{"line":582,"column":12},"end":{"line":582,"column":74}},"269":{"start":{"line":582,"column":30},"end":{"line":582,"column":74}},"270":{"start":{"line":584,"column":26},"end":{"line":584,"column":41}},"271":{"start":{"line":585,"column":12},"end":{"line":588,"column":15}},"272":{"start":{"line":589,"column":12},"end":{"line":592,"column":15}},"273":{"start":{"line":593,"column":12},"end":{"line":593,"column":33}},"274":{"start":{"line":595,"column":12},"end":{"line":595,"column":63}},"275":{"start":{"line":601,"column":8},"end":{"line":614,"column":11}},"276":{"start":{"line":602,"column":26},"end":{"line":602,"column":41}},"277":{"start":{"line":603,"column":12},"end":{"line":606,"column":15}},"278":{"start":{"line":607,"column":12},"end":{"line":610,"column":15}},"279":{"start":{"line":611,"column":12},"end":{"line":611,"column":33}},"280":{"start":{"line":613,"column":12},"end":{"line":613,"column":65}},"281":{"start":{"line":619,"column":8},"end":{"line":635,"column":11}},"282":{"start":{"line":620,"column":24},"end":{"line":620,"column":59}},"283":{"start":{"line":621,"column":12},"end":{"line":621,"column":72}},"284":{"start":{"line":621,"column":29},"end":{"line":621,"column":72}},"285":{"start":{"line":623,"column":41},"end":{"line":623,"column":68}},"286":{"start":{"line":624,"column":12},"end":{"line":624,"column":51}},"287":{"start":{"line":624,"column":41},"end":{"line":624,"column":51}},"288":{"start":{"line":626,"column":38},"end":{"line":626,"column":40}},"289":{"start":{"line":627,"column":12},"end":{"line":633,"column":13}},"290":{"start":{"line":628,"column":29},"end":{"line":628,"column":65}},"291":{"start":{"line":629,"column":16},"end":{"line":632,"column":17}},"292":{"start":{"line":630,"column":30},"end":{"line":630,"column":47}},"293":{"start":{"line":631,"column":20},"end":{"line":631,"column":55}},"294":{"start":{"line":631,"column":39},"end":{"line":631,"column":55}},"295":{"start":{"line":634,"column":12},"end":{"line":634,"column":27}},"296":{"start":{"line":642,"column":8},"end":{"line":662,"column":11}},"297":{"start":{"line":644,"column":30},"end":{"line":644,"column":65}},"298":{"start":{"line":645,"column":31},"end":{"line":645,"column":53}},"299":{"start":{"line":647,"column":12},"end":{"line":649,"column":13}},"300":{"start":{"line":648,"column":16},"end":{"line":648,"column":87}},"301":{"start":{"line":652,"column":31},"end":{"line":652,"column":95}},"302":{"start":{"line":653,"column":30},"end":{"line":653,"column":48}},"303":{"start":{"line":654,"column":36},"end":{"line":654,"column":99}},"304":{"start":{"line":657,"column":31},"end":{"line":657,"column":96}},"305":{"start":{"line":658,"column":30},"end":{"line":658,"column":48}},"306":{"start":{"line":659,"column":36},"end":{"line":659,"column":99}},"307":{"start":{"line":661,"column":12},"end":{"line":661,"column":68}},"308":{"start":{"line":667,"column":8},"end":{"line":684,"column":11}},"309":{"start":{"line":668,"column":24},"end":{"line":668,"column":39}},"310":{"start":{"line":669,"column":29},"end":{"line":672,"column":22}},"311":{"start":{"line":674,"column":12},"end":{"line":674,"column":41}},"312":{"start":{"line":674,"column":32},"end":{"line":674,"column":41}},"313":{"start":{"line":676,"column":26},"end":{"line":676,"column":41}},"314":{"start":{"line":677,"column":12},"end":{"line":679,"column":13}},"315":{"start":{"line":678,"column":16},"end":{"line":678,"column":38}},"316":{"start":{"line":680,"column":12},"end":{"line":680,"column":33}},"317":{"start":{"line":682,"column":12},"end":{"line":682,"column":72}},"318":{"start":{"line":683,"column":12},"end":{"line":683,"column":33}},"319":{"start":{"line":692,"column":4},"end":{"line":695,"column":5}},"320":{"start":{"line":693,"column":31},"end":{"line":693,"column":93}},"321":{"start":{"line":694,"column":8},"end":{"line":694,"column":60}},"322":{"start":{"line":697,"column":15},"end":{"line":697,"column":29}},"323":{"start":{"line":698,"column":4},"end":{"line":698,"column":67}}},"fnMap":{"0":{"name":"withRetry","decl":{"start":{"line":33,"column":15},"end":{"line":33,"column":24}},"loc":{"start":{"line":33,"column":63},"end":{"line":57,"column":1}}},"1":{"name":"(anonymous_1)","decl":{"start":{"line":49,"column":34},"end":{"line":49,"column":35}},"loc":{"start":{"line":49,"column":41},"end":{"line":49,"column":61}}},"2":{"name":"docToMemory","decl":{"start":{"line":62,"column":9},"end":{"line":62,"column":20}},"loc":{"start":{"line":62,"column":60},"end":{"line":74,"column":1}}},"3":{"name":"isExpired","decl":{"start":{"line":79,"column":9},"end":{"line":79,"column":18}},"loc":{"start":{"line":79,"column":33},"end":{"line":82,"column":1}}},"4":{"name":"computeRelevance","decl":{"start":{"line":87,"column":9},"end":{"line":87,"column":25}},"loc":{"start":{"line":87,"column":74},"end":{"line":129,"column":1}}},"5":{"name":"(anonymous_5)","decl":{"start":{"line":137,"column":4},"end":{"line":137,"column":16}},"loc":{"start":{"line":137,"column":107},"end":{"line":143,"column":5}}},"6":{"name":"(anonymous_6)","decl":{"start":{"line":146,"column":4},"end":{"line":146,"column":8}},"loc":{"start":{"line":146,"column":21},"end":{"line":148,"column":5}}},"7":{"name":"(anonymous_7)","decl":{"start":{"line":153,"column":4},"end":{"line":153,"column":9}},"loc":{"start":{"line":153,"column":35},"end":{"line":187,"column":5}}},"8":{"name":"(anonymous_8)","decl":{"start":{"line":154,"column":32},"end":{"line":154,"column":37}},"loc":{"start":{"line":154,"column":43},"end":{"line":186,"column":9}}},"9":{"name":"(anonymous_9)","decl":{"start":{"line":157,"column":45},"end":{"line":157,"column":46}},"loc":{"start":{"line":157,"column":50},"end":{"line":157,"column":65}}},"10":{"name":"(anonymous_10)","decl":{"start":{"line":190,"column":4},"end":{"line":190,"column":9}},"loc":{"start":{"line":190,"column":28},"end":{"line":198,"column":5}}},"11":{"name":"(anonymous_11)","decl":{"start":{"line":191,"column":36},"end":{"line":191,"column":41}},"loc":{"start":{"line":191,"column":47},"end":{"line":197,"column":9}}},"12":{"name":"(anonymous_12)","decl":{"start":{"line":201,"column":4},"end":{"line":201,"column":9}},"loc":{"start":{"line":201,"column":48},"end":{"line":224,"column":5}}},"13":{"name":"(anonymous_13)","decl":{"start":{"line":205,"column":35},"end":{"line":205,"column":40}},"loc":{"start":{"line":205,"column":46},"end":{"line":223,"column":9}}},"14":{"name":"(anonymous_14)","decl":{"start":{"line":213,"column":24},"end":{"line":213,"column":25}},"loc":{"start":{"line":213,"column":31},"end":{"line":213,"column":44}}},"15":{"name":"(anonymous_15)","decl":{"start":{"line":216,"column":21},"end":{"line":216,"column":22}},"loc":{"start":{"line":216,"column":30},"end":{"line":220,"column":13}}},"16":{"name":"(anonymous_16)","decl":{"start":{"line":227,"column":4},"end":{"line":227,"column":9}},"loc":{"start":{"line":227,"column":30},"end":{"line":237,"column":5}}},"17":{"name":"(anonymous_17)","decl":{"start":{"line":228,"column":35},"end":{"line":228,"column":40}},"loc":{"start":{"line":228,"column":46},"end":{"line":236,"column":9}}},"18":{"name":"(anonymous_18)","decl":{"start":{"line":234,"column":24},"end":{"line":234,"column":25}},"loc":{"start":{"line":234,"column":31},"end":{"line":234,"column":44}}},"19":{"name":"(anonymous_19)","decl":{"start":{"line":235,"column":24},"end":{"line":235,"column":25}},"loc":{"start":{"line":235,"column":31},"end":{"line":235,"column":72}}},"20":{"name":"(anonymous_20)","decl":{"start":{"line":240,"column":4},"end":{"line":240,"column":9}},"loc":{"start":{"line":240,"column":35},"end":{"line":266,"column":5}}},"21":{"name":"(anonymous_21)","decl":{"start":{"line":241,"column":40},"end":{"line":241,"column":45}},"loc":{"start":{"line":241,"column":51},"end":{"line":265,"column":9}}},"22":{"name":"(anonymous_22)","decl":{"start":{"line":258,"column":33},"end":{"line":258,"column":34}},"loc":{"start":{"line":258,"column":40},"end":{"line":258,"column":62}}},"23":{"name":"(anonymous_23)","decl":{"start":{"line":264,"column":31},"end":{"line":264,"column":32}},"loc":{"start":{"line":264,"column":41},"end":{"line":264,"column":66}}},"24":{"name":"(anonymous_24)","decl":{"start":{"line":269,"column":4},"end":{"line":269,"column":9}},"loc":{"start":{"line":269,"column":37},"end":{"line":282,"column":5}}},"25":{"name":"(anonymous_25)","decl":{"start":{"line":273,"column":48},"end":{"line":273,"column":49}},"loc":{"start":{"line":273,"column":55},"end":{"line":273,"column":70}}},"26":{"name":"(anonymous_26)","decl":{"start":{"line":275,"column":41},"end":{"line":275,"column":46}},"loc":{"start":{"line":275,"column":52},"end":{"line":281,"column":9}}},"27":{"name":"(anonymous_27)","decl":{"start":{"line":280,"column":57},"end":{"line":280,"column":58}},"loc":{"start":{"line":280,"column":64},"end":{"line":280,"column":77}}},"28":{"name":"(anonymous_28)","decl":{"start":{"line":285,"column":4},"end":{"line":285,"column":9}},"loc":{"start":{"line":285,"column":66},"end":{"line":308,"column":5}}},"29":{"name":"(anonymous_29)","decl":{"start":{"line":286,"column":43},"end":{"line":286,"column":48}},"loc":{"start":{"line":286,"column":54},"end":{"line":307,"column":9}}},"30":{"name":"(anonymous_30)","decl":{"start":{"line":298,"column":21},"end":{"line":298,"column":22}},"loc":{"start":{"line":298,"column":70},"end":{"line":305,"column":17}}},"31":{"name":"(anonymous_31)","decl":{"start":{"line":306,"column":24},"end":{"line":306,"column":25}},"loc":{"start":{"line":306,"column":50},"end":{"line":306,"column":81}}},"32":{"name":"(anonymous_32)","decl":{"start":{"line":311,"column":4},"end":{"line":311,"column":9}},"loc":{"start":{"line":311,"column":55},"end":{"line":346,"column":5}}},"33":{"name":"(anonymous_33)","decl":{"start":{"line":312,"column":35},"end":{"line":312,"column":40}},"loc":{"start":{"line":312,"column":46},"end":{"line":345,"column":9}}},"34":{"name":"(anonymous_34)","decl":{"start":{"line":325,"column":79},"end":{"line":325,"column":80}},"loc":{"start":{"line":325,"column":86},"end":{"line":325,"column":101}}},"35":{"name":"(anonymous_35)","decl":{"start":{"line":349,"column":4},"end":{"line":349,"column":9}},"loc":{"start":{"line":349,"column":27},"end":{"line":360,"column":5}}},"36":{"name":"(anonymous_36)","decl":{"start":{"line":350,"column":35},"end":{"line":350,"column":40}},"loc":{"start":{"line":350,"column":46},"end":{"line":359,"column":9}}},"37":{"name":"(anonymous_37)","decl":{"start":{"line":365,"column":4},"end":{"line":365,"column":9}},"loc":{"start":{"line":365,"column":30},"end":{"line":381,"column":5}}},"38":{"name":"(anonymous_38)","decl":{"start":{"line":366,"column":38},"end":{"line":366,"column":43}},"loc":{"start":{"line":366,"column":49},"end":{"line":380,"column":9}}},"39":{"name":"(anonymous_39)","decl":{"start":{"line":386,"column":4},"end":{"line":386,"column":9}},"loc":{"start":{"line":386,"column":42},"end":{"line":441,"column":5}}},"40":{"name":"(anonymous_40)","decl":{"start":{"line":396,"column":74},"end":{"line":396,"column":75}},"loc":{"start":{"line":396,"column":79},"end":{"line":396,"column":85}}},"41":{"name":"(anonymous_41)","decl":{"start":{"line":444,"column":4},"end":{"line":444,"column":9}},"loc":{"start":{"line":444,"column":40},"end":{"line":470,"column":5}}},"42":{"name":"(anonymous_42)","decl":{"start":{"line":475,"column":4},"end":{"line":475,"column":9}},"loc":{"start":{"line":475,"column":19},"end":{"line":488,"column":5}}},"43":{"name":"(anonymous_43)","decl":{"start":{"line":476,"column":38},"end":{"line":476,"column":43}},"loc":{"start":{"line":476,"column":49},"end":{"line":487,"column":9}}},"44":{"name":"(anonymous_44)","decl":{"start":{"line":491,"column":4},"end":{"line":491,"column":9}},"loc":{"start":{"line":491,"column":63},"end":{"line":571,"column":5}}},"45":{"name":"(anonymous_45)","decl":{"start":{"line":518,"column":39},"end":{"line":518,"column":40}},"loc":{"start":{"line":518,"column":46},"end":{"line":518,"column":71}}},"46":{"name":"(anonymous_46)","decl":{"start":{"line":520,"column":34},"end":{"line":520,"column":35}},"loc":{"start":{"line":520,"column":43},"end":{"line":522,"column":17}}},"47":{"name":"(anonymous_47)","decl":{"start":{"line":529,"column":76},"end":{"line":529,"column":77}},"loc":{"start":{"line":529,"column":81},"end":{"line":529,"column":87}}},"48":{"name":"(anonymous_48)","decl":{"start":{"line":576,"column":4},"end":{"line":576,"column":9}},"loc":{"start":{"line":576,"column":39},"end":{"line":597,"column":5}}},"49":{"name":"(anonymous_49)","decl":{"start":{"line":577,"column":33},"end":{"line":577,"column":38}},"loc":{"start":{"line":577,"column":44},"end":{"line":596,"column":9}}},"50":{"name":"(anonymous_50)","decl":{"start":{"line":600,"column":4},"end":{"line":600,"column":9}},"loc":{"start":{"line":600,"column":41},"end":{"line":615,"column":5}}},"51":{"name":"(anonymous_51)","decl":{"start":{"line":601,"column":35},"end":{"line":601,"column":40}},"loc":{"start":{"line":601,"column":46},"end":{"line":614,"column":9}}},"52":{"name":"(anonymous_52)","decl":{"start":{"line":618,"column":4},"end":{"line":618,"column":9}},"loc":{"start":{"line":618,"column":31},"end":{"line":636,"column":5}}},"53":{"name":"(anonymous_53)","decl":{"start":{"line":619,"column":39},"end":{"line":619,"column":44}},"loc":{"start":{"line":619,"column":50},"end":{"line":635,"column":9}}},"54":{"name":"(anonymous_54)","decl":{"start":{"line":641,"column":4},"end":{"line":641,"column":9}},"loc":{"start":{"line":641,"column":18},"end":{"line":663,"column":5}}},"55":{"name":"(anonymous_55)","decl":{"start":{"line":642,"column":37},"end":{"line":642,"column":42}},"loc":{"start":{"line":642,"column":48},"end":{"line":662,"column":9}}},"56":{"name":"(anonymous_56)","decl":{"start":{"line":666,"column":4},"end":{"line":666,"column":9}},"loc":{"start":{"line":666,"column":24},"end":{"line":685,"column":5}}},"57":{"name":"(anonymous_57)","decl":{"start":{"line":667,"column":43},"end":{"line":667,"column":48}},"loc":{"start":{"line":667,"column":54},"end":{"line":684,"column":9}}},"58":{"name":"initFirestore","decl":{"start":{"line":691,"column":16},"end":{"line":691,"column":29}},"loc":{"start":{"line":691,"column":94},"end":{"line":699,"column":1}}}},"branchMap":{"0":{"loc":{"start":{"line":43,"column":12},"end":{"line":52,"column":13}},"type":"if","locations":[{"start":{"line":43,"column":12},"end":{"line":52,"column":13}},{"start":{"line":50,"column":19},"end":{"line":52,"column":13}}]},"1":{"loc":{"start":{"line":43,"column":16},"end":{"line":43,"column":88}},"type":"binary-expr","locations":[{"start":{"line":43,"column":16},"end":{"line":43,"column":37}},{"start":{"line":43,"column":41},"end":{"line":43,"column":59}},{"start":{"line":43,"column":63},"end":{"line":43,"column":88}}]},"2":{"loc":{"start":{"line":66,"column":14},"end":{"line":66,"column":29}},"type":"binary-expr","locations":[{"start":{"line":66,"column":14},"end":{"line":66,"column":23}},{"start":{"line":66,"column":27},"end":{"line":66,"column":29}}]},"3":{"loc":{"start":{"line":67,"column":14},"end":{"line":67,"column":55}},"type":"cond-expr","locations":[{"start":{"line":67,"column":41},"end":{"line":67,"column":50}},{"start":{"line":67,"column":53},"end":{"line":67,"column":55}}]},"4":{"loc":{"start":{"line":69,"column":19},"end":{"line":69,"column":70}},"type":"cond-expr","locations":[{"start":{"line":69,"column":51},"end":{"line":69,"column":65}},{"start":{"line":69,"column":68},"end":{"line":69,"column":70}}]},"5":{"loc":{"start":{"line":70,"column":19},"end":{"line":70,"column":68}},"type":"binary-expr","locations":[{"start":{"line":70,"column":19},"end":{"line":70,"column":60}},{"start":{"line":70,"column":64},"end":{"line":70,"column":68}}]},"6":{"loc":{"start":{"line":71,"column":19},"end":{"line":71,"column":68}},"type":"binary-expr","locations":[{"start":{"line":71,"column":19},"end":{"line":71,"column":60}},{"start":{"line":71,"column":64},"end":{"line":71,"column":68}}]},"7":{"loc":{"start":{"line":72,"column":19},"end":{"line":72,"column":68}},"type":"binary-expr","locations":[{"start":{"line":72,"column":19},"end":{"line":72,"column":60}},{"start":{"line":72,"column":64},"end":{"line":72,"column":68}}]},"8":{"loc":{"start":{"line":80,"column":4},"end":{"line":80,"column":40}},"type":"if","locations":[{"start":{"line":80,"column":4},"end":{"line":80,"column":40}},{"start":{},"end":{}}]},"9":{"loc":{"start":{"line":87,"column":55},"end":{"line":87,"column":74}},"type":"default-arg","locations":[{"start":{"line":87,"column":72},"end":{"line":87,"column":74}}]},"10":{"loc":{"start":{"line":92,"column":4},"end":{"line":92,"column":51}},"type":"if","locations":[{"start":{"line":92,"column":4},"end":{"line":92,"column":51}},{"start":{},"end":{}}]},"11":{"loc":{"start":{"line":96,"column":4},"end":{"line":96,"column":42}},"type":"if","locations":[{"start":{"line":96,"column":4},"end":{"line":96,"column":42}},{"start":{},"end":{}}]},"12":{"loc":{"start":{"line":108,"column":8},"end":{"line":111,"column":9}},"type":"if","locations":[{"start":{"line":108,"column":8},"end":{"line":111,"column":9}},{"start":{},"end":{}}]},"13":{"loc":{"start":{"line":115,"column":12},"end":{"line":119,"column":13}},"type":"if","locations":[{"start":{"line":115,"column":12},"end":{"line":119,"column":13}},{"start":{"line":117,"column":19},"end":{"line":119,"column":13}}]},"14":{"loc":{"start":{"line":117,"column":19},"end":{"line":119,"column":13}},"type":"if","locations":[{"start":{"line":117,"column":19},"end":{"line":119,"column":13}},{"start":{},"end":{}}]},"15":{"loc":{"start":{"line":137,"column":65},"end":{"line":137,"column":107}},"type":"default-arg","locations":[{"start":{"line":137,"column":103},"end":{"line":137,"column":107}}]},"16":{"loc":{"start":{"line":157,"column":23},"end":{"line":157,"column":39}},"type":"binary-expr","locations":[{"start":{"line":157,"column":23},"end":{"line":157,"column":33}},{"start":{"line":157,"column":37},"end":{"line":157,"column":39}}]},"17":{"loc":{"start":{"line":158,"column":24},"end":{"line":158,"column":45}},"type":"binary-expr","locations":[{"start":{"line":158,"column":24},"end":{"line":158,"column":36}},{"start":{"line":158,"column":40},"end":{"line":158,"column":45}}]},"18":{"loc":{"start":{"line":166,"column":12},"end":{"line":169,"column":13}},"type":"if","locations":[{"start":{"line":166,"column":12},"end":{"line":169,"column":13}},{"start":{},"end":{}}]},"19":{"loc":{"start":{"line":166,"column":16},"end":{"line":166,"column":68}},"type":"binary-expr","locations":[{"start":{"line":166,"column":16},"end":{"line":166,"column":45}},{"start":{"line":166,"column":49},"end":{"line":166,"column":68}}]},"20":{"loc":{"start":{"line":172,"column":12},"end":{"line":181,"column":13}},"type":"if","locations":[{"start":{"line":172,"column":12},"end":{"line":181,"column":13}},{"start":{},"end":{}}]},"21":{"loc":{"start":{"line":175,"column":20},"end":{"line":177,"column":21}},"type":"if","locations":[{"start":{"line":175,"column":20},"end":{"line":177,"column":21}},{"start":{},"end":{}}]},"22":{"loc":{"start":{"line":193,"column":12},"end":{"line":193,"column":41}},"type":"if","locations":[{"start":{"line":193,"column":12},"end":{"line":193,"column":41}},{"start":{},"end":{}}]},"23":{"loc":{"start":{"line":195,"column":12},"end":{"line":195,"column":47}},"type":"if","locations":[{"start":{"line":195,"column":12},"end":{"line":195,"column":47}},{"start":{},"end":{}}]},"24":{"loc":{"start":{"line":201,"column":17},"end":{"line":201,"column":48}},"type":"default-arg","locations":[{"start":{"line":201,"column":46},"end":{"line":201,"column":48}}]},"25":{"loc":{"start":{"line":202,"column":40},"end":{"line":202,"column":59}},"type":"binary-expr","locations":[{"start":{"line":202,"column":40},"end":{"line":202,"column":53}},{"start":{"line":202,"column":57},"end":{"line":202,"column":59}}]},"26":{"loc":{"start":{"line":203,"column":32},"end":{"line":203,"column":51}},"type":"binary-expr","locations":[{"start":{"line":203,"column":32},"end":{"line":203,"column":46}},{"start":{"line":203,"column":50},"end":{"line":203,"column":51}}]},"27":{"loc":{"start":{"line":217,"column":16},"end":{"line":217,"column":53}},"type":"if","locations":[{"start":{"line":217,"column":16},"end":{"line":217,"column":53}},{"start":{},"end":{}}]},"28":{"loc":{"start":{"line":217,"column":20},"end":{"line":217,"column":41}},"type":"binary-expr","locations":[{"start":{"line":217,"column":20},"end":{"line":217,"column":28}},{"start":{"line":217,"column":32},"end":{"line":217,"column":41}}]},"29":{"loc":{"start":{"line":218,"column":16},"end":{"line":218,"column":52}},"type":"if","locations":[{"start":{"line":218,"column":16},"end":{"line":218,"column":52}},{"start":{},"end":{}}]},"30":{"loc":{"start":{"line":218,"column":20},"end":{"line":218,"column":41}},"type":"binary-expr","locations":[{"start":{"line":218,"column":20},"end":{"line":218,"column":29}},{"start":{"line":218,"column":33},"end":{"line":218,"column":41}}]},"31":{"loc":{"start":{"line":247,"column":16},"end":{"line":247,"column":48}},"type":"if","locations":[{"start":{"line":247,"column":16},"end":{"line":247,"column":48}},{"start":{},"end":{}}]},"32":{"loc":{"start":{"line":250,"column":16},"end":{"line":252,"column":17}},"type":"if","locations":[{"start":{"line":250,"column":16},"end":{"line":252,"column":17}},{"start":{},"end":{}}]},"33":{"loc":{"start":{"line":258,"column":16},"end":{"line":261,"column":17}},"type":"if","locations":[{"start":{"line":258,"column":16},"end":{"line":261,"column":17}},{"start":{},"end":{}}]},"34":{"loc":{"start":{"line":270,"column":8},"end":{"line":270,"column":41}},"type":"if","locations":[{"start":{"line":270,"column":8},"end":{"line":270,"column":41}},{"start":{},"end":{}}]},"35":{"loc":{"start":{"line":285,"column":48},"end":{"line":285,"column":66}},"type":"default-arg","locations":[{"start":{"line":285,"column":64},"end":{"line":285,"column":66}}]},"36":{"loc":{"start":{"line":300,"column":20},"end":{"line":300,"column":55}},"type":"if","locations":[{"start":{"line":300,"column":20},"end":{"line":300,"column":55}},{"start":{},"end":{}}]},"37":{"loc":{"start":{"line":302,"column":37},"end":{"line":302,"column":78}},"type":"binary-expr","locations":[{"start":{"line":302,"column":37},"end":{"line":302,"column":73}},{"start":{"line":302,"column":77},"end":{"line":302,"column":78}}]},"38":{"loc":{"start":{"line":306,"column":50},"end":{"line":306,"column":81}},"type":"binary-expr","locations":[{"start":{"line":306,"column":50},"end":{"line":306,"column":60}},{"start":{"line":306,"column":64},"end":{"line":306,"column":81}}]},"39":{"loc":{"start":{"line":316,"column":12},"end":{"line":318,"column":13}},"type":"if","locations":[{"start":{"line":316,"column":12},"end":{"line":318,"column":13}},{"start":{},"end":{}}]},"40":{"loc":{"start":{"line":324,"column":12},"end":{"line":324,"column":75}},"type":"if","locations":[{"start":{"line":324,"column":12},"end":{"line":324,"column":75}},{"start":{},"end":{}}]},"41":{"loc":{"start":{"line":325,"column":12},"end":{"line":325,"column":103}},"type":"if","locations":[{"start":{"line":325,"column":12},"end":{"line":325,"column":103}},{"start":{},"end":{}}]},"42":{"loc":{"start":{"line":326,"column":12},"end":{"line":326,"column":81}},"type":"if","locations":[{"start":{"line":326,"column":12},"end":{"line":326,"column":81}},{"start":{},"end":{}}]},"43":{"loc":{"start":{"line":329,"column":12},"end":{"line":338,"column":13}},"type":"if","locations":[{"start":{"line":329,"column":12},"end":{"line":338,"column":13}},{"start":{},"end":{}}]},"44":{"loc":{"start":{"line":329,"column":16},"end":{"line":329,"column":61}},"type":"binary-expr","locations":[{"start":{"line":329,"column":16},"end":{"line":329,"column":42}},{"start":{"line":329,"column":46},"end":{"line":329,"column":61}}]},"45":{"loc":{"start":{"line":332,"column":20},"end":{"line":334,"column":21}},"type":"if","locations":[{"start":{"line":332,"column":20},"end":{"line":334,"column":21}},{"start":{},"end":{}}]},"46":{"loc":{"start":{"line":354,"column":12},"end":{"line":354,"column":42}},"type":"if","locations":[{"start":{"line":354,"column":12},"end":{"line":354,"column":42}},{"start":{},"end":{}}]},"47":{"loc":{"start":{"line":370,"column":12},"end":{"line":370,"column":80}},"type":"if","locations":[{"start":{"line":370,"column":12},"end":{"line":370,"column":80}},{"start":{},"end":{}}]},"48":{"loc":{"start":{"line":394,"column":8},"end":{"line":400,"column":9}},"type":"if","locations":[{"start":{"line":394,"column":8},"end":{"line":400,"column":9}},{"start":{},"end":{}}]},"49":{"loc":{"start":{"line":408,"column":26},"end":{"line":408,"column":42}},"type":"binary-expr","locations":[{"start":{"line":408,"column":26},"end":{"line":408,"column":36}},{"start":{"line":408,"column":40},"end":{"line":408,"column":42}}]},"50":{"loc":{"start":{"line":409,"column":28},"end":{"line":409,"column":49}},"type":"binary-expr","locations":[{"start":{"line":409,"column":28},"end":{"line":409,"column":40}},{"start":{"line":409,"column":44},"end":{"line":409,"column":49}}]},"51":{"loc":{"start":{"line":416,"column":16},"end":{"line":419,"column":17}},"type":"if","locations":[{"start":{"line":416,"column":16},"end":{"line":419,"column":17}},{"start":{},"end":{}}]},"52":{"loc":{"start":{"line":416,"column":20},"end":{"line":416,"column":72}},"type":"binary-expr","locations":[{"start":{"line":416,"column":20},"end":{"line":416,"column":49}},{"start":{"line":416,"column":53},"end":{"line":416,"column":72}}]},"53":{"loc":{"start":{"line":421,"column":16},"end":{"line":423,"column":17}},"type":"if","locations":[{"start":{"line":421,"column":16},"end":{"line":423,"column":17}},{"start":{},"end":{}}]},"54":{"loc":{"start":{"line":421,"column":20},"end":{"line":421,"column":61}},"type":"binary-expr","locations":[{"start":{"line":421,"column":20},"end":{"line":421,"column":33}},{"start":{"line":421,"column":37},"end":{"line":421,"column":61}}]},"55":{"loc":{"start":{"line":453,"column":12},"end":{"line":458,"column":13}},"type":"if","locations":[{"start":{"line":453,"column":12},"end":{"line":458,"column":13}},{"start":{"line":456,"column":19},"end":{"line":458,"column":13}}]},"56":{"loc":{"start":{"line":461,"column":8},"end":{"line":461,"column":49}},"type":"if","locations":[{"start":{"line":461,"column":8},"end":{"line":461,"column":49}},{"start":{},"end":{}}]},"57":{"loc":{"start":{"line":495,"column":8},"end":{"line":504,"column":9}},"type":"if","locations":[{"start":{"line":495,"column":8},"end":{"line":504,"column":9}},{"start":{},"end":{}}]},"58":{"loc":{"start":{"line":502,"column":12},"end":{"line":502,"column":69}},"type":"if","locations":[{"start":{"line":502,"column":12},"end":{"line":502,"column":69}},{"start":{},"end":{}}]},"59":{"loc":{"start":{"line":517,"column":12},"end":{"line":523,"column":13}},"type":"if","locations":[{"start":{"line":517,"column":12},"end":{"line":523,"column":13}},{"start":{},"end":{}}]},"60":{"loc":{"start":{"line":517,"column":16},"end":{"line":517,"column":52}},"type":"binary-expr","locations":[{"start":{"line":517,"column":16},"end":{"line":517,"column":32}},{"start":{"line":517,"column":36},"end":{"line":517,"column":52}}]},"61":{"loc":{"start":{"line":521,"column":20},"end":{"line":521,"column":69}},"type":"if","locations":[{"start":{"line":521,"column":20},"end":{"line":521,"column":69}},{"start":{},"end":{}}]},"62":{"loc":{"start":{"line":527,"column":12},"end":{"line":533,"column":13}},"type":"if","locations":[{"start":{"line":527,"column":12},"end":{"line":533,"column":13}},{"start":{},"end":{}}]},"63":{"loc":{"start":{"line":537,"column":16},"end":{"line":540,"column":17}},"type":"if","locations":[{"start":{"line":537,"column":16},"end":{"line":540,"column":17}},{"start":{},"end":{}}]},"64":{"loc":{"start":{"line":537,"column":20},"end":{"line":537,"column":67}},"type":"binary-expr","locations":[{"start":{"line":537,"column":20},"end":{"line":537,"column":36}},{"start":{"line":537,"column":40},"end":{"line":537,"column":67}}]},"65":{"loc":{"start":{"line":545,"column":26},"end":{"line":545,"column":43}},"type":"binary-expr","locations":[{"start":{"line":545,"column":26},"end":{"line":545,"column":37}},{"start":{"line":545,"column":41},"end":{"line":545,"column":43}}]},"66":{"loc":{"start":{"line":546,"column":28},"end":{"line":546,"column":50}},"type":"binary-expr","locations":[{"start":{"line":546,"column":28},"end":{"line":546,"column":41}},{"start":{"line":546,"column":45},"end":{"line":546,"column":50}}]},"67":{"loc":{"start":{"line":547,"column":31},"end":{"line":547,"column":53}},"type":"binary-expr","locations":[{"start":{"line":547,"column":31},"end":{"line":547,"column":47}},{"start":{"line":547,"column":51},"end":{"line":547,"column":53}}]},"68":{"loc":{"start":{"line":548,"column":31},"end":{"line":548,"column":103}},"type":"cond-expr","locations":[{"start":{"line":548,"column":50},"end":{"line":548,"column":96}},{"start":{"line":548,"column":99},"end":{"line":548,"column":103}}]},"69":{"loc":{"start":{"line":549,"column":31},"end":{"line":549,"column":127}},"type":"cond-expr","locations":[{"start":{"line":549,"column":50},"end":{"line":549,"column":96}},{"start":{"line":549,"column":99},"end":{"line":549,"column":127}}]},"70":{"loc":{"start":{"line":553,"column":16},"end":{"line":555,"column":17}},"type":"if","locations":[{"start":{"line":553,"column":16},"end":{"line":555,"column":17}},{"start":{},"end":{}}]},"71":{"loc":{"start":{"line":553,"column":20},"end":{"line":553,"column":61}},"type":"binary-expr","locations":[{"start":{"line":553,"column":20},"end":{"line":553,"column":33}},{"start":{"line":553,"column":37},"end":{"line":553,"column":61}}]},"72":{"loc":{"start":{"line":560,"column":12},"end":{"line":560,"column":53}},"type":"if","locations":[{"start":{"line":560,"column":12},"end":{"line":560,"column":53}},{"start":{},"end":{}}]},"73":{"loc":{"start":{"line":581,"column":12},"end":{"line":581,"column":74}},"type":"if","locations":[{"start":{"line":581,"column":12},"end":{"line":581,"column":74}},{"start":{},"end":{}}]},"74":{"loc":{"start":{"line":582,"column":12},"end":{"line":582,"column":74}},"type":"if","locations":[{"start":{"line":582,"column":12},"end":{"line":582,"column":74}},{"start":{},"end":{}}]},"75":{"loc":{"start":{"line":621,"column":12},"end":{"line":621,"column":72}},"type":"if","locations":[{"start":{"line":621,"column":12},"end":{"line":621,"column":72}},{"start":{},"end":{}}]},"76":{"loc":{"start":{"line":623,"column":41},"end":{"line":623,"column":68}},"type":"binary-expr","locations":[{"start":{"line":623,"column":41},"end":{"line":623,"column":62}},{"start":{"line":623,"column":66},"end":{"line":623,"column":68}}]},"77":{"loc":{"start":{"line":624,"column":12},"end":{"line":624,"column":51}},"type":"if","locations":[{"start":{"line":624,"column":12},"end":{"line":624,"column":51}},{"start":{},"end":{}}]},"78":{"loc":{"start":{"line":629,"column":16},"end":{"line":632,"column":17}},"type":"if","locations":[{"start":{"line":629,"column":16},"end":{"line":632,"column":17}},{"start":{},"end":{}}]},"79":{"loc":{"start":{"line":631,"column":20},"end":{"line":631,"column":55}},"type":"if","locations":[{"start":{"line":631,"column":20},"end":{"line":631,"column":55}},{"start":{},"end":{}}]},"80":{"loc":{"start":{"line":647,"column":12},"end":{"line":649,"column":13}},"type":"if","locations":[{"start":{"line":647,"column":12},"end":{"line":649,"column":13}},{"start":{},"end":{}}]},"81":{"loc":{"start":{"line":654,"column":36},"end":{"line":654,"column":99}},"type":"binary-expr","locations":[{"start":{"line":654,"column":36},"end":{"line":654,"column":91}},{"start":{"line":654,"column":95},"end":{"line":654,"column":99}}]},"82":{"loc":{"start":{"line":659,"column":36},"end":{"line":659,"column":99}},"type":"binary-expr","locations":[{"start":{"line":659,"column":36},"end":{"line":659,"column":91}},{"start":{"line":659,"column":95},"end":{"line":659,"column":99}}]},"83":{"loc":{"start":{"line":674,"column":12},"end":{"line":674,"column":41}},"type":"if","locations":[{"start":{"line":674,"column":12},"end":{"line":674,"column":41}},{"start":{},"end":{}}]},"84":{"loc":{"start":{"line":691,"column":52},"end":{"line":691,"column":94}},"type":"default-arg","locations":[{"start":{"line":691,"column":90},"end":{"line":691,"column":94}}]},"85":{"loc":{"start":{"line":692,"column":4},"end":{"line":695,"column":5}},"type":"if","locations":[{"start":{"line":692,"column":4},"end":{"line":695,"column":5}},{"start":{},"end":{}}]}},"s":{"0":2,"1":2,"2":2,"3":50,"4":50,"5":50,"6":50,"7":4,"8":4,"9":4,"10":0,"11":0,"12":0,"13":0,"14":4,"15":4,"16":310,"17":310,"18":306,"19":303,"20":3,"21":11,"22":11,"23":11,"24":3,"25":8,"26":8,"27":0,"28":8,"29":8,"30":3,"31":8,"32":8,"33":8,"34":19,"35":4,"36":4,"37":15,"38":15,"39":40,"40":0,"41":40,"42":0,"43":15,"44":8,"45":8,"46":8,"47":61,"48":61,"49":61,"50":61,"51":61,"52":0,"53":5,"54":5,"55":7,"56":5,"57":1,"58":1,"59":5,"60":0,"61":0,"62":0,"63":0,"64":0,"65":5,"66":5,"67":5,"68":8,"69":8,"70":8,"71":1,"72":7,"73":7,"74":1,"75":6,"76":3,"77":3,"78":3,"79":3,"80":3,"81":280,"82":3,"83":277,"84":0,"85":277,"86":0,"87":277,"88":3,"89":2,"90":2,"91":2,"92":2,"93":4,"94":4,"95":10,"96":10,"97":10,"98":10,"99":12,"100":12,"101":1,"102":11,"103":11,"104":6,"105":10,"106":10,"107":6,"108":3,"109":1,"110":1,"111":10,"112":2,"113":2,"114":1,"115":1,"116":2,"117":1,"118":1,"119":1,"120":1,"121":0,"122":0,"123":0,"124":0,"125":0,"126":0,"127":0,"128":0,"129":0,"130":0,"131":0,"132":3,"133":3,"134":3,"135":3,"136":1,"137":2,"138":2,"139":1,"140":2,"141":2,"142":3,"143":2,"144":1,"145":2,"146":0,"147":0,"148":0,"149":0,"150":0,"151":2,"152":2,"153":2,"154":2,"155":2,"156":2,"157":2,"158":1,"159":1,"160":1,"161":1,"162":1,"163":1,"164":1,"165":1,"166":0,"167":1,"168":1,"169":1,"170":1,"171":4,"172":4,"173":4,"174":4,"175":4,"176":4,"177":0,"178":0,"179":0,"180":0,"181":4,"182":4,"183":22,"184":22,"185":22,"186":22,"187":22,"188":1,"189":1,"190":22,"191":0,"192":22,"193":22,"194":0,"195":4,"196":4,"197":4,"198":4,"199":4,"200":4,"201":4,"202":4,"203":23,"204":23,"205":23,"206":21,"207":21,"208":2,"209":4,"210":2,"211":4,"212":4,"213":2,"214":2,"215":2,"216":2,"217":4,"218":4,"219":4,"220":1,"221":1,"222":1,"223":2,"224":1,"225":1,"226":1,"227":4,"228":4,"229":4,"230":3,"231":4,"232":3,"233":3,"234":3,"235":2,"236":3,"237":2,"238":2,"239":2,"240":1,"241":3,"242":3,"243":0,"244":0,"245":0,"246":0,"247":3,"248":3,"249":4,"250":4,"251":1,"252":1,"253":3,"254":3,"255":3,"256":0,"257":3,"258":3,"259":3,"260":3,"261":4,"262":4,"263":3,"264":3,"265":3,"266":3,"267":1,"268":2,"269":1,"270":1,"271":1,"272":1,"273":1,"274":1,"275":1,"276":1,"277":1,"278":1,"279":1,"280":1,"281":5,"282":5,"283":5,"284":1,"285":4,"286":4,"287":1,"288":3,"289":3,"290":3,"291":3,"292":2,"293":2,"294":1,"295":3,"296":2,"297":2,"298":2,"299":2,"300":1,"301":1,"302":1,"303":1,"304":1,"305":1,"306":1,"307":1,"308":2,"309":2,"310":2,"311":2,"312":2,"313":0,"314":0,"315":0,"316":0,"317":0,"318":0,"319":0,"320":0,"321":0,"322":0,"323":0},"f":{"0":50,"1":0,"2":310,"3":306,"4":11,"5":61,"6":0,"7":5,"8":5,"9":7,"10":8,"11":8,"12":3,"13":3,"14":280,"15":277,"16":2,"17":2,"18":4,"19":4,"20":10,"21":10,"22":3,"23":2,"24":2,"25":2,"26":1,"27":1,"28":0,"29":0,"30":0,"31":0,"32":3,"33":3,"34":3,"35":2,"36":2,"37":1,"38":1,"39":4,"40":0,"41":4,"42":2,"43":2,"44":4,"45":3,"46":2,"47":0,"48":3,"49":3,"50":1,"51":1,"52":5,"53":5,"54":2,"55":2,"56":2,"57":2,"58":0},"b":{"0":[0,4],"1":[4,4,0],"2":[310,1],"3":[309,1],"4":[309,1],"5":[310,307],"6":[310,22],"7":[310,305],"8":[303,3],"9":[0],"10":[3,8],"11":[0,8],"12":[4,15],"13":[0,40],"14":[0,40],"15":[61],"16":[5,2],"17":[5,4],"18":[1,4],"19":[5,1],"20":[0,5],"21":[0,0],"22":[1,7],"23":[1,6],"24":[0],"25":[3,1],"26":[3,2],"27":[0,277],"28":[277,0],"29":[0,277],"30":[277,277],"31":[1,11],"32":[6,5],"33":[1,5],"34":[1,1],"35":[0],"36":[0,0],"37":[0,0],"38":[0,0],"39":[1,2],"40":[1,1],"41":[2,0],"42":[1,1],"43":[0,2],"44":[2,1],"45":[0,0],"46":[1,1],"47":[0,1],"48":[0,4],"49":[22,22],"50":[22,22],"51":[1,21],"52":[22,1],"53":[0,22],"54":[22,0],"55":[21,2],"56":[2,2],"57":[1,3],"58":[1,0],"59":[2,1],"60":[3,2],"61":[1,1],"62":[0,3],"63":[1,3],"64":[4,3],"65":[3,0],"66":[3,0],"67":[3,0],"68":[0,3],"69":[0,3],"70":[0,3],"71":[3,0],"72":[3,0],"73":[1,2],"74":[1,1],"75":[1,4],"76":[4,0],"77":[1,3],"78":[2,1],"79":[1,1],"80":[1,1],"81":[1,0],"82":[1,0],"83":[2,0],"84":[0],"85":[0,0]}}
}
