TN:
SF:src\embeddings.ts
FN:15,(anonymous_0)
FN:34,(anonymous_1)
FN:38,(anonymous_2)
FN:51,(anonymous_3)
FN:69,(anonymous_4)
FN:79,(anonymous_5)
FN:98,(anonymous_6)
FN:115,(anonymous_7)
FN:116,(anonymous_8)
FN:128,(anonymous_9)
FN:134,(anonymous_10)
FN:139,(anonymous_11)
FN:169,(anonymous_12)
FN:174,(anonymous_13)
FN:178,(anonymous_14)
FN:182,(anonymous_15)
FN:191,(anonymous_16)
FN:219,createEmbeddingService
FNF:18
FNH:17
FNDA:0,(anonymous_0)
FNDA:11,(anonymous_1)
FNDA:10,(anonymous_2)
FNDA:2,(anonymous_3)
FNDA:14,(anonymous_4)
FNDA:6,(anonymous_5)
FNDA:2,(anonymous_6)
FNDA:4,(anonymous_7)
FNDA:3,(anonymous_8)
FNDA:7,(anonymous_9)
FNDA:2,(anonymous_10)
FNDA:3,(anonymous_11)
FNDA:32,(anonymous_12)
FNDA:11,(anonymous_13)
FNDA:4,(anonymous_14)
FNDA:14,(anonymous_15)
FNDA:5,(anonymous_16)
FNDA:35,createEmbeddingService
DA:14,1
DA:15,0
DA:30,11
DA:31,11
DA:35,11
DA:39,10
DA:43,7
DA:44,7
DA:45,3
DA:46,3
DA:48,4
DA:52,2
DA:53,2
DA:54,4
DA:56,1
DA:64,14
DA:70,14
DA:71,14
DA:72,14
DA:73,14
DA:76,14
DA:80,6
DA:89,6
DA:90,1
DA:91,1
DA:94,5
DA:95,5
DA:99,2
DA:108,2
DA:109,1
DA:110,1
DA:113,1
DA:114,1
DA:115,4
DA:116,3
DA:123,7
DA:124,7
DA:129,7
DA:130,7
DA:131,7
DA:135,2
DA:136,1
DA:140,3
DA:154,3
DA:155,1
DA:156,1
DA:159,2
DA:160,2
DA:170,32
DA:171,32
DA:175,11
DA:179,4
DA:183,14
DA:184,14
DA:186,4
DA:187,4
DA:192,5
DA:193,5
DA:195,2
DA:196,2
DA:220,35
DA:223,35
DA:224,0
DA:226,35
DA:227,4
DA:229,31
DA:230,1
DA:234,30
DA:235,11
DA:237,19
DA:238,10
DA:240,9
DA:241,6
DA:244,3
DA:245,3
LF:75
LH:73
BRDA:44,0,0,3
BRDA:44,0,1,4
BRDA:44,1,0,7
BRDA:44,1,1,5
BRDA:71,2,0,14
BRDA:71,2,1,10
BRDA:72,3,0,14
BRDA:72,3,1,11
BRDA:76,4,0,1
BRDA:76,4,1,13
BRDA:89,5,0,1
BRDA:89,5,1,5
BRDA:108,6,0,1
BRDA:108,6,1,1
BRDA:130,7,0,7
BRDA:130,7,1,6
BRDA:154,8,0,1
BRDA:154,8,1,2
BRDA:223,9,0,0
BRDA:223,9,1,35
BRDA:223,10,0,35
BRDA:223,10,1,0
BRDA:226,11,0,4
BRDA:226,11,1,31
BRDA:226,12,0,35
BRDA:226,12,1,32
BRDA:226,12,2,5
BRDA:229,13,0,1
BRDA:229,13,1,30
BRDA:229,14,0,31
BRDA:229,14,1,1
BRDA:234,15,0,11
BRDA:234,15,1,19
BRDA:237,16,0,10
BRDA:237,16,1,9
BRDA:240,17,0,6
BRDA:240,17,1,3
BRF:37
BRH:35
end_of_record
TN:
SF:src\logger.ts
FN:11,(anonymous_0)
FN:16,shouldLog
FN:20,formatMessage
FN:28,(anonymous_3)
FN:31,(anonymous_4)
FN:34,(anonymous_5)
FN:37,(anonymous_6)
FNF:7
FNH:7
FNDA:5,(anonymous_0)
FNDA:88,shouldLog
FNDA:78,formatMessage
FNDA:10,(anonymous_3)
FNDA:76,(anonymous_4)
FNDA:1,(anonymous_5)
FNDA:1,(anonymous_6)
DA:8,5
DA:11,5
DA:12,5
DA:13,5
DA:17,88
DA:21,78
DA:22,78
DA:23,78
DA:24,78
DA:27,5
DA:29,10
DA:32,76
DA:35,1
DA:38,1
LF:14
LH:14
BRDA:12,0,0,5
BRDA:12,0,1,3
BRDA:13,1,0,5
BRDA:13,1,1,0
BRDA:24,2,0,1
BRDA:24,2,1,77
BRDA:29,3,0,1
BRDA:29,3,1,9
BRDA:32,4,0,75
BRDA:32,4,1,1
BRDA:35,5,0,1
BRDA:35,5,1,0
BRDA:38,6,0,1
BRDA:38,6,1,0
BRF:14
BRH:11
end_of_record
TN:
SF:src\store.ts
FN:33,withRetry
FN:49,(anonymous_1)
FN:62,docToMemory
FN:79,isExpired
FN:87,computeRelevance
FN:137,(anonymous_5)
FN:146,(anonymous_6)
FN:153,(anonymous_7)
FN:154,(anonymous_8)
FN:157,(anonymous_9)
FN:190,(anonymous_10)
FN:191,(anonymous_11)
FN:201,(anonymous_12)
FN:205,(anonymous_13)
FN:213,(anonymous_14)
FN:216,(anonymous_15)
FN:227,(anonymous_16)
FN:228,(anonymous_17)
FN:234,(anonymous_18)
FN:235,(anonymous_19)
FN:240,(anonymous_20)
FN:241,(anonymous_21)
FN:258,(anonymous_22)
FN:264,(anonymous_23)
FN:269,(anonymous_24)
FN:273,(anonymous_25)
FN:275,(anonymous_26)
FN:280,(anonymous_27)
FN:285,(anonymous_28)
FN:286,(anonymous_29)
FN:298,(anonymous_30)
FN:306,(anonymous_31)
FN:311,(anonymous_32)
FN:312,(anonymous_33)
FN:325,(anonymous_34)
FN:349,(anonymous_35)
FN:350,(anonymous_36)
FN:365,(anonymous_37)
FN:366,(anonymous_38)
FN:386,(anonymous_39)
FN:396,(anonymous_40)
FN:444,(anonymous_41)
FN:475,(anonymous_42)
FN:476,(anonymous_43)
FN:491,(anonymous_44)
FN:518,(anonymous_45)
FN:520,(anonymous_46)
FN:529,(anonymous_47)
FN:576,(anonymous_48)
FN:577,(anonymous_49)
FN:600,(anonymous_50)
FN:601,(anonymous_51)
FN:618,(anonymous_52)
FN:619,(anonymous_53)
FN:641,(anonymous_54)
FN:642,(anonymous_55)
FN:666,(anonymous_56)
FN:667,(anonymous_57)
FN:691,initFirestore
FNF:59
FNH:50
FNDA:50,withRetry
FNDA:0,(anonymous_1)
FNDA:310,docToMemory
FNDA:306,isExpired
FNDA:11,computeRelevance
FNDA:61,(anonymous_5)
FNDA:0,(anonymous_6)
FNDA:5,(anonymous_7)
FNDA:5,(anonymous_8)
FNDA:7,(anonymous_9)
FNDA:8,(anonymous_10)
FNDA:8,(anonymous_11)
FNDA:3,(anonymous_12)
FNDA:3,(anonymous_13)
FNDA:280,(anonymous_14)
FNDA:277,(anonymous_15)
FNDA:2,(anonymous_16)
FNDA:2,(anonymous_17)
FNDA:4,(anonymous_18)
FNDA:4,(anonymous_19)
FNDA:10,(anonymous_20)
FNDA:10,(anonymous_21)
FNDA:3,(anonymous_22)
FNDA:2,(anonymous_23)
FNDA:2,(anonymous_24)
FNDA:2,(anonymous_25)
FNDA:1,(anonymous_26)
FNDA:1,(anonymous_27)
FNDA:0,(anonymous_28)
FNDA:0,(anonymous_29)
FNDA:0,(anonymous_30)
FNDA:0,(anonymous_31)
FNDA:3,(anonymous_32)
FNDA:3,(anonymous_33)
FNDA:3,(anonymous_34)
FNDA:2,(anonymous_35)
FNDA:2,(anonymous_36)
FNDA:1,(anonymous_37)
FNDA:1,(anonymous_38)
FNDA:4,(anonymous_39)
FNDA:0,(anonymous_40)
FNDA:4,(anonymous_41)
FNDA:2,(anonymous_42)
FNDA:2,(anonymous_43)
FNDA:4,(anonymous_44)
FNDA:3,(anonymous_45)
FNDA:2,(anonymous_46)
FNDA:0,(anonymous_47)
FNDA:3,(anonymous_48)
FNDA:3,(anonymous_49)
FNDA:1,(anonymous_50)
FNDA:1,(anonymous_51)
FNDA:5,(anonymous_52)
FNDA:5,(anonymous_53)
FNDA:2,(anonymous_54)
FNDA:2,(anonymous_55)
FNDA:2,(anonymous_56)
FNDA:2,(anonymous_57)
FNDA:0,initFirestore
DA:26,2
DA:27,2
DA:28,2
DA:36,50
DA:37,50
DA:38,50
DA:40,4
DA:41,4
DA:43,4
DA:44,0
DA:45,0
DA:49,0
DA:51,4
DA:56,4
DA:63,310
DA:64,310
DA:80,306
DA:81,3
DA:88,11
DA:89,11
DA:92,11
DA:95,8
DA:96,8
DA:99,8
DA:100,8
DA:101,3
DA:103,8
DA:104,8
DA:106,8
DA:108,19
DA:109,4
DA:110,4
DA:113,15
DA:114,15
DA:115,40
DA:116,0
DA:117,40
DA:118,0
DA:121,15
DA:125,8
DA:126,8
DA:128,8
DA:138,61
DA:139,61
DA:140,61
DA:141,61
DA:142,61
DA:147,0
DA:154,5
DA:155,5
DA:157,7
DA:166,5
DA:167,1
DA:168,1
DA:172,5
DA:173,0
DA:174,0
DA:175,0
DA:176,0
DA:179,0
DA:183,5
DA:184,5
DA:185,5
DA:191,8
DA:192,8
DA:193,8
DA:194,7
DA:195,7
DA:196,6
DA:202,3
DA:203,3
DA:205,3
DA:207,3
DA:211,3
DA:213,280
DA:216,3
DA:217,277
DA:218,277
DA:219,277
DA:222,3
DA:228,2
DA:229,2
DA:230,2
DA:232,2
DA:234,4
DA:235,4
DA:241,10
DA:242,10
DA:244,10
DA:245,10
DA:246,12
DA:247,12
DA:249,11
DA:250,11
DA:251,6
DA:256,10
DA:257,10
DA:258,6
DA:259,1
DA:260,1
DA:264,10
DA:270,2
DA:273,2
DA:275,1
DA:276,1
DA:280,1
DA:286,0
DA:287,0
DA:295,0
DA:297,0
DA:299,0
DA:300,0
DA:302,0
DA:303,0
DA:304,0
DA:306,0
DA:312,3
DA:313,3
DA:314,3
DA:316,3
DA:317,1
DA:320,2
DA:324,2
DA:325,3
DA:326,2
DA:329,2
DA:330,0
DA:331,0
DA:332,0
DA:333,0
DA:336,0
DA:340,2
DA:343,2
DA:344,2
DA:350,2
DA:351,2
DA:352,2
DA:354,2
DA:356,1
DA:357,1
DA:358,1
DA:366,1
DA:367,1
DA:368,1
DA:370,1
DA:372,1
DA:373,1
DA:378,1
DA:379,1
DA:387,4
DA:388,4
DA:389,4
DA:390,4
DA:393,4
DA:394,4
DA:395,0
DA:396,0
DA:398,0
DA:402,4
DA:403,22
DA:404,22
DA:405,22
DA:406,22
DA:416,22
DA:417,1
DA:418,1
DA:421,22
DA:422,0
DA:425,22
DA:426,22
DA:428,0
DA:432,4
DA:433,4
DA:435,4
DA:445,4
DA:446,4
DA:447,4
DA:448,4
DA:450,4
DA:451,23
DA:452,23
DA:453,23
DA:454,21
DA:455,21
DA:457,2
DA:461,4
DA:462,4
DA:464,4
DA:476,2
DA:477,2
DA:478,2
DA:480,2
DA:492,4
DA:493,4
DA:495,4
DA:497,1
DA:498,1
DA:499,1
DA:500,2
DA:502,1
DA:503,1
DA:507,4
DA:508,4
DA:509,3
DA:512,4
DA:513,3
DA:516,3
DA:517,3
DA:518,3
DA:519,2
DA:520,2
DA:521,2
DA:526,3
DA:527,3
DA:528,0
DA:529,0
DA:531,0
DA:535,3
DA:536,4
DA:537,4
DA:538,1
DA:539,1
DA:542,3
DA:543,3
DA:553,3
DA:554,0
DA:557,3
DA:558,3
DA:560,3
DA:563,4
DA:565,4
DA:577,3
DA:578,3
DA:579,3
DA:581,3
DA:582,2
DA:584,1
DA:585,1
DA:589,1
DA:593,1
DA:595,1
DA:601,1
DA:602,1
DA:603,1
DA:607,1
DA:611,1
DA:613,1
DA:619,5
DA:620,5
DA:621,5
DA:623,4
DA:624,4
DA:626,3
DA:627,3
DA:628,3
DA:629,3
DA:630,2
DA:631,2
DA:634,3
DA:642,2
DA:644,2
DA:645,2
DA:647,2
DA:648,1
DA:652,1
DA:653,1
DA:654,1
DA:657,1
DA:658,1
DA:659,1
DA:661,1
DA:667,2
DA:668,2
DA:669,2
DA:674,2
DA:676,0
DA:677,0
DA:678,0
DA:680,0
DA:682,0
DA:683,0
DA:692,0
DA:693,0
DA:694,0
DA:697,0
DA:698,0
LF:286
LH:240
BRDA:43,0,0,0
BRDA:43,0,1,4
BRDA:43,1,0,4
BRDA:43,1,1,4
BRDA:43,1,2,0
BRDA:66,2,0,310
BRDA:66,2,1,1
BRDA:67,3,0,309
BRDA:67,3,1,1
BRDA:69,4,0,309
BRDA:69,4,1,1
BRDA:70,5,0,310
BRDA:70,5,1,307
BRDA:71,6,0,310
BRDA:71,6,1,22
BRDA:72,7,0,310
BRDA:72,7,1,305
BRDA:80,8,0,303
BRDA:80,8,1,3
BRDA:87,9,0,0
BRDA:92,10,0,3
BRDA:92,10,1,8
BRDA:96,11,0,0
BRDA:96,11,1,8
BRDA:108,12,0,4
BRDA:108,12,1,15
BRDA:115,13,0,0
BRDA:115,13,1,40
BRDA:117,14,0,0
BRDA:117,14,1,40
BRDA:137,15,0,61
BRDA:157,16,0,5
BRDA:157,16,1,2
BRDA:158,17,0,5
BRDA:158,17,1,4
BRDA:166,18,0,1
BRDA:166,18,1,4
BRDA:166,19,0,5
BRDA:166,19,1,1
BRDA:172,20,0,0
BRDA:172,20,1,5
BRDA:175,21,0,0
BRDA:175,21,1,0
BRDA:193,22,0,1
BRDA:193,22,1,7
BRDA:195,23,0,1
BRDA:195,23,1,6
BRDA:201,24,0,0
BRDA:202,25,0,3
BRDA:202,25,1,1
BRDA:203,26,0,3
BRDA:203,26,1,2
BRDA:217,27,0,0
BRDA:217,27,1,277
BRDA:217,28,0,277
BRDA:217,28,1,0
BRDA:218,29,0,0
BRDA:218,29,1,277
BRDA:218,30,0,277
BRDA:218,30,1,277
BRDA:247,31,0,1
BRDA:247,31,1,11
BRDA:250,32,0,6
BRDA:250,32,1,5
BRDA:258,33,0,1
BRDA:258,33,1,5
BRDA:270,34,0,1
BRDA:270,34,1,1
BRDA:285,35,0,0
BRDA:300,36,0,0
BRDA:300,36,1,0
BRDA:302,37,0,0
BRDA:302,37,1,0
BRDA:306,38,0,0
BRDA:306,38,1,0
BRDA:316,39,0,1
BRDA:316,39,1,2
BRDA:324,40,0,1
BRDA:324,40,1,1
BRDA:325,41,0,2
BRDA:325,41,1,0
BRDA:326,42,0,1
BRDA:326,42,1,1
BRDA:329,43,0,0
BRDA:329,43,1,2
BRDA:329,44,0,2
BRDA:329,44,1,1
BRDA:332,45,0,0
BRDA:332,45,1,0
BRDA:354,46,0,1
BRDA:354,46,1,1
BRDA:370,47,0,0
BRDA:370,47,1,1
BRDA:394,48,0,0
BRDA:394,48,1,4
BRDA:408,49,0,22
BRDA:408,49,1,22
BRDA:409,50,0,22
BRDA:409,50,1,22
BRDA:416,51,0,1
BRDA:416,51,1,21
BRDA:416,52,0,22
BRDA:416,52,1,1
BRDA:421,53,0,0
BRDA:421,53,1,22
BRDA:421,54,0,22
BRDA:421,54,1,0
BRDA:453,55,0,21
BRDA:453,55,1,2
BRDA:461,56,0,2
BRDA:461,56,1,2
BRDA:495,57,0,1
BRDA:495,57,1,3
BRDA:502,58,0,1
BRDA:502,58,1,0
BRDA:517,59,0,2
BRDA:517,59,1,1
BRDA:517,60,0,3
BRDA:517,60,1,2
BRDA:521,61,0,1
BRDA:521,61,1,1
BRDA:527,62,0,0
BRDA:527,62,1,3
BRDA:537,63,0,1
BRDA:537,63,1,3
BRDA:537,64,0,4
BRDA:537,64,1,3
BRDA:545,65,0,3
BRDA:545,65,1,0
BRDA:546,66,0,3
BRDA:546,66,1,0
BRDA:547,67,0,3
BRDA:547,67,1,0
BRDA:548,68,0,0
BRDA:548,68,1,3
BRDA:549,69,0,0
BRDA:549,69,1,3
BRDA:553,70,0,0
BRDA:553,70,1,3
BRDA:553,71,0,3
BRDA:553,71,1,0
BRDA:560,72,0,3
BRDA:560,72,1,0
BRDA:581,73,0,1
BRDA:581,73,1,2
BRDA:582,74,0,1
BRDA:582,74,1,1
BRDA:621,75,0,1
BRDA:621,75,1,4
BRDA:623,76,0,4
BRDA:623,76,1,0
BRDA:624,77,0,1
BRDA:624,77,1,3
BRDA:629,78,0,2
BRDA:629,78,1,1
BRDA:631,79,0,1
BRDA:631,79,1,1
BRDA:647,80,0,1
BRDA:647,80,1,1
BRDA:654,81,0,1
BRDA:654,81,1,0
BRDA:659,82,0,1
BRDA:659,82,1,0
BRDA:674,83,0,2
BRDA:674,83,1,0
BRDA:691,84,0,0
BRDA:692,85,0,0
BRDA:692,85,1,0
BRF:168
BRH:123
end_of_record
